{"/Users/adriansiekierko/Documents/fireworldCOPY/src/app/api/activity/route.ts": {"path":"/Users/adriansiekierko/Documents/fireworldCOPY/src/app/api/activity/route.ts","statementMap":{"0":{"start":{"line":78,"column":22},"end":{"line":78,"column":28}},"1":{"start":{"line":43,"column":22},"end":{"line":43,"column":25}},"2":{"start":{"line":6,"column":22},"end":{"line":6,"column":26}},"3":{"start":{"line":1,"column":29},"end":{"line":1,"column":null}},"4":{"start":{"line":2,"column":35},"end":{"line":2,"column":null}},"5":{"start":{"line":3,"column":31},"end":{"line":3,"column":null}},"6":{"start":{"line":4,"column":25},"end":{"line":4,"column":null}},"7":{"start":{"line":7,"column":2},"end":{"line":40,"column":null}},"8":{"start":{"line":8,"column":18},"end":{"line":8,"column":69}},"9":{"start":{"line":9,"column":4},"end":{"line":11,"column":null}},"10":{"start":{"line":10,"column":6},"end":{"line":10,"column":null}},"11":{"start":{"line":13,"column":17},"end":{"line":13,"column":null}},"12":{"start":{"line":14,"column":4},"end":{"line":14,"column":null}},"13":{"start":{"line":16,"column":17},"end":{"line":16,"column":null}},"14":{"start":{"line":17,"column":4},"end":{"line":17,"column":null}},"15":{"start":{"line":19,"column":38},"end":{"line":19,"column":null}},"16":{"start":{"line":21,"column":4},"end":{"line":27,"column":null}},"17":{"start":{"line":22,"column":6},"end":{"line":22,"column":null}},"18":{"start":{"line":23,"column":6},"end":{"line":25,"column":null}},"19":{"start":{"line":29,"column":4},"end":{"line":29,"column":null}},"20":{"start":{"line":30,"column":21},"end":{"line":30,"column":null}},"21":{"start":{"line":31,"column":4},"end":{"line":31,"column":null}},"22":{"start":{"line":33,"column":4},"end":{"line":33,"column":null}},"23":{"start":{"line":35,"column":4},"end":{"line":35,"column":null}},"24":{"start":{"line":36,"column":4},"end":{"line":38,"column":null}},"25":{"start":{"line":44,"column":2},"end":{"line":75,"column":null}},"26":{"start":{"line":45,"column":29},"end":{"line":45,"column":null}},"27":{"start":{"line":46,"column":19},"end":{"line":46,"column":null}},"28":{"start":{"line":48,"column":4},"end":{"line":50,"column":null}},"29":{"start":{"line":49,"column":6},"end":{"line":49,"column":null}},"30":{"start":{"line":52,"column":28},"end":{"line":64,"column":null}},"31":{"start":{"line":66,"column":4},"end":{"line":69,"column":null}},"32":{"start":{"line":67,"column":6},"end":{"line":67,"column":null}},"33":{"start":{"line":68,"column":6},"end":{"line":68,"column":null}},"34":{"start":{"line":71,"column":4},"end":{"line":71,"column":null}},"35":{"start":{"line":73,"column":4},"end":{"line":73,"column":null}},"36":{"start":{"line":74,"column":4},"end":{"line":74,"column":null}},"37":{"start":{"line":79,"column":2},"end":{"line":91,"column":null}},"38":{"start":{"line":80,"column":18},"end":{"line":80,"column":69}},"39":{"start":{"line":81,"column":4},"end":{"line":83,"column":null}},"40":{"start":{"line":82,"column":6},"end":{"line":82,"column":null}},"41":{"start":{"line":85,"column":17},"end":{"line":85,"column":null}},"42":{"start":{"line":86,"column":27},"end":{"line":86,"column":null}},"43":{"start":{"line":87,"column":4},"end":{"line":87,"column":null}},"44":{"start":{"line":88,"column":4},"end":{"line":88,"column":null}},"45":{"start":{"line":90,"column":4},"end":{"line":90,"column":null}}},"fnMap":{"0":{"name":"POST","decl":{"start":{"line":6,"column":22},"end":{"line":6,"column":26}},"loc":{"start":{"line":6,"column":43},"end":{"line":41,"column":null}}},"1":{"name":"GET","decl":{"start":{"line":43,"column":22},"end":{"line":43,"column":25}},"loc":{"start":{"line":43,"column":42},"end":{"line":76,"column":null}}},"2":{"name":"DELETE","decl":{"start":{"line":78,"column":22},"end":{"line":78,"column":28}},"loc":{"start":{"line":78,"column":45},"end":{"line":92,"column":null}}}},"branchMap":{"0":{"loc":{"start":{"line":9,"column":4},"end":{"line":11,"column":null}},"type":"if","locations":[{"start":{"line":9,"column":4},"end":{"line":11,"column":null}}]},"1":{"loc":{"start":{"line":21,"column":4},"end":{"line":27,"column":null}},"type":"if","locations":[{"start":{"line":21,"column":4},"end":{"line":27,"column":null}}]},"2":{"loc":{"start":{"line":21,"column":8},"end":{"line":21,"column":26}},"type":"binary-expr","locations":[{"start":{"line":21,"column":8},"end":{"line":21,"column":17}},{"start":{"line":21,"column":17},"end":{"line":21,"column":26}}]},"3":{"loc":{"start":{"line":37,"column":15},"end":{"line":37,"column":84}},"type":"cond-expr","locations":[{"start":{"line":37,"column":40},"end":{"line":37,"column":53}},{"start":{"line":37,"column":56},"end":{"line":37,"column":84}}]},"4":{"loc":{"start":{"line":48,"column":4},"end":{"line":50,"column":null}},"type":"if","locations":[{"start":{"line":48,"column":4},"end":{"line":50,"column":null}}]},"5":{"loc":{"start":{"line":66,"column":4},"end":{"line":69,"column":null}},"type":"if","locations":[{"start":{"line":66,"column":4},"end":{"line":69,"column":null}}]},"6":{"loc":{"start":{"line":71,"column":29},"end":{"line":71,"column":39}},"type":"binary-expr","locations":[{"start":{"line":71,"column":29},"end":{"line":71,"column":37}},{"start":{"line":71,"column":37},"end":{"line":71,"column":39}}]},"7":{"loc":{"start":{"line":81,"column":4},"end":{"line":83,"column":null}},"type":"if","locations":[{"start":{"line":81,"column":4},"end":{"line":83,"column":null}}]}},"s":{"0":0,"1":4,"2":0,"3":1,"4":1,"5":1,"6":1,"7":0,"8":0,"9":0,"10":0,"11":0,"12":0,"13":0,"14":0,"15":0,"16":0,"17":0,"18":0,"19":0,"20":0,"21":0,"22":0,"23":0,"24":0,"25":4,"26":4,"27":4,"28":4,"29":1,"30":3,"31":3,"32":1,"33":1,"34":2,"35":0,"36":0,"37":0,"38":0,"39":0,"40":0,"41":0,"42":0,"43":0,"44":0,"45":0},"f":{"0":0,"1":4,"2":0},"b":{"0":[0],"1":[0],"2":[0,0],"3":[0,0],"4":[1],"5":[1],"6":[2,0],"7":[0]}}
,"/Users/adriansiekierko/Documents/fireworldCOPY/src/app/api/auth/route.ts": {"path":"/Users/adriansiekierko/Documents/fireworldCOPY/src/app/api/auth/route.ts","statementMap":{"0":{"start":{"line":36,"column":22},"end":{"line":36,"column":25}},"1":{"start":{"line":4,"column":22},"end":{"line":4,"column":26}},"2":{"start":{"line":26,"column":22},"end":{"line":26,"column":25}},"3":{"start":{"line":1,"column":29},"end":{"line":1,"column":null}},"4":{"start":{"line":2,"column":31},"end":{"line":2,"column":null}},"5":{"start":{"line":5,"column":2},"end":{"line":23,"column":null}},"6":{"start":{"line":6,"column":31},"end":{"line":6,"column":null}},"7":{"start":{"line":8,"column":4},"end":{"line":13,"column":null}},"8":{"start":{"line":9,"column":6},"end":{"line":11,"column":null}},"9":{"start":{"line":15,"column":19},"end":{"line":15,"column":null}},"10":{"start":{"line":16,"column":4},"end":{"line":16,"column":null}},"11":{"start":{"line":18,"column":4},"end":{"line":18,"column":null}},"12":{"start":{"line":19,"column":4},"end":{"line":21,"column":null}},"13":{"start":{"line":27,"column":2},"end":{"line":33,"column":null}},"14":{"start":{"line":28,"column":31},"end":{"line":28,"column":null}},"15":{"start":{"line":29,"column":19},"end":{"line":29,"column":null}},"16":{"start":{"line":30,"column":4},"end":{"line":30,"column":null}},"17":{"start":{"line":32,"column":4},"end":{"line":32,"column":null}},"18":{"start":{"line":37,"column":2},"end":{"line":46,"column":null}},"19":{"start":{"line":38,"column":18},"end":{"line":38,"column":69}},"20":{"start":{"line":39,"column":4},"end":{"line":41,"column":null}},"21":{"start":{"line":40,"column":6},"end":{"line":40,"column":null}},"22":{"start":{"line":42,"column":17},"end":{"line":42,"column":null}},"23":{"start":{"line":43,"column":4},"end":{"line":43,"column":null}},"24":{"start":{"line":45,"column":4},"end":{"line":45,"column":null}}},"fnMap":{"0":{"name":"POST","decl":{"start":{"line":4,"column":22},"end":{"line":4,"column":26}},"loc":{"start":{"line":4,"column":43},"end":{"line":24,"column":null}}},"1":{"name":"PUT","decl":{"start":{"line":26,"column":22},"end":{"line":26,"column":25}},"loc":{"start":{"line":26,"column":42},"end":{"line":34,"column":null}}},"2":{"name":"GET","decl":{"start":{"line":36,"column":22},"end":{"line":36,"column":25}},"loc":{"start":{"line":36,"column":42},"end":{"line":47,"column":null}}}},"branchMap":{"0":{"loc":{"start":{"line":8,"column":4},"end":{"line":13,"column":null}},"type":"if","locations":[{"start":{"line":8,"column":4},"end":{"line":13,"column":null}}]},"1":{"loc":{"start":{"line":8,"column":8},"end":{"line":8,"column":28}},"type":"binary-expr","locations":[{"start":{"line":8,"column":8},"end":{"line":8,"column":17}},{"start":{"line":8,"column":17},"end":{"line":8,"column":28}}]},"2":{"loc":{"start":{"line":20,"column":15},"end":{"line":20,"column":54}},"type":"binary-expr","locations":[{"start":{"line":20,"column":15},"end":{"line":20,"column":28}},{"start":{"line":20,"column":32},"end":{"line":20,"column":54}}]},"3":{"loc":{"start":{"line":39,"column":4},"end":{"line":41,"column":null}},"type":"if","locations":[{"start":{"line":39,"column":4},"end":{"line":41,"column":null}}]}},"s":{"0":3,"1":3,"2":2,"3":1,"4":1,"5":3,"6":3,"7":3,"8":1,"9":2,"10":1,"11":1,"12":1,"13":2,"14":2,"15":2,"16":1,"17":1,"18":3,"19":3,"20":3,"21":1,"22":2,"23":1,"24":1},"f":{"0":3,"1":2,"2":3},"b":{"0":[1],"1":[3,3],"2":[1,0],"3":[1]}}
,"/Users/adriansiekierko/Documents/fireworldCOPY/src/app/api/chat/route.ts": {"path":"/Users/adriansiekierko/Documents/fireworldCOPY/src/app/api/chat/route.ts","statementMap":{"0":{"start":{"line":8,"column":22},"end":{"line":8,"column":27}},"1":{"start":{"line":1,"column":29},"end":{"line":1,"column":null}},"2":{"start":{"line":2,"column":19},"end":{"line":2,"column":null}},"3":{"start":{"line":4,"column":15},"end":{"line":6,"column":null}},"4":{"start":{"line":9,"column":2},"end":{"line":26,"column":null}},"5":{"start":{"line":10,"column":24},"end":{"line":10,"column":null}},"6":{"start":{"line":12,"column":23},"end":{"line":15,"column":null}},"7":{"start":{"line":17,"column":4},"end":{"line":19,"column":null}},"8":{"start":{"line":21,"column":4},"end":{"line":21,"column":null}},"9":{"start":{"line":22,"column":4},"end":{"line":24,"column":null}}},"fnMap":{"0":{"name":"POST","decl":{"start":{"line":8,"column":22},"end":{"line":8,"column":27}},"loc":{"start":{"line":8,"column":39},"end":{"line":27,"column":null}}}},"branchMap":{},"s":{"0":2,"1":1,"2":1,"3":1,"4":2,"5":2,"6":2,"7":1,"8":1,"9":1},"f":{"0":2},"b":{}}
,"/Users/adriansiekierko/Documents/fireworldCOPY/src/app/api/messages/route.ts": {"path":"/Users/adriansiekierko/Documents/fireworldCOPY/src/app/api/messages/route.ts","statementMap":{"0":{"start":{"line":43,"column":22},"end":{"line":43,"column":25}},"1":{"start":{"line":6,"column":22},"end":{"line":6,"column":26}},"2":{"start":{"line":1,"column":29},"end":{"line":1,"column":null}},"3":{"start":{"line":2,"column":31},"end":{"line":2,"column":null}},"4":{"start":{"line":3,"column":34},"end":{"line":3,"column":null}},"5":{"start":{"line":7,"column":2},"end":{"line":40,"column":null}},"6":{"start":{"line":8,"column":18},"end":{"line":8,"column":69}},"7":{"start":{"line":9,"column":4},"end":{"line":11,"column":null}},"8":{"start":{"line":10,"column":6},"end":{"line":10,"column":null}},"9":{"start":{"line":13,"column":17},"end":{"line":13,"column":null}},"10":{"start":{"line":14,"column":33},"end":{"line":14,"column":null}},"11":{"start":{"line":16,"column":4},"end":{"line":21,"column":null}},"12":{"start":{"line":17,"column":6},"end":{"line":19,"column":null}},"13":{"start":{"line":23,"column":4},"end":{"line":30,"column":null}},"14":{"start":{"line":24,"column":25},"end":{"line":24,"column":null}},"15":{"start":{"line":25,"column":6},"end":{"line":25,"column":null}},"16":{"start":{"line":27,"column":6},"end":{"line":27,"column":null}},"17":{"start":{"line":28,"column":27},"end":{"line":28,"column":null}},"18":{"start":{"line":29,"column":6},"end":{"line":29,"column":null}},"19":{"start":{"line":32,"column":4},"end":{"line":32,"column":null}},"20":{"start":{"line":33,"column":4},"end":{"line":35,"column":null}},"21":{"start":{"line":34,"column":6},"end":{"line":34,"column":null}},"22":{"start":{"line":36,"column":4},"end":{"line":38,"column":null}},"23":{"start":{"line":44,"column":2},"end":{"line":75,"column":null}},"24":{"start":{"line":45,"column":18},"end":{"line":45,"column":69}},"25":{"start":{"line":46,"column":4},"end":{"line":48,"column":null}},"26":{"start":{"line":47,"column":6},"end":{"line":47,"column":null}},"27":{"start":{"line":50,"column":17},"end":{"line":50,"column":null}},"28":{"start":{"line":51,"column":29},"end":{"line":51,"column":null}},"29":{"start":{"line":52,"column":24},"end":{"line":52,"column":null}},"30":{"start":{"line":54,"column":4},"end":{"line":56,"column":null}},"31":{"start":{"line":55,"column":6},"end":{"line":55,"column":null}},"32":{"start":{"line":58,"column":4},"end":{"line":65,"column":null}},"33":{"start":{"line":59,"column":23},"end":{"line":59,"column":null}},"34":{"start":{"line":60,"column":6},"end":{"line":60,"column":null}},"35":{"start":{"line":62,"column":6},"end":{"line":62,"column":null}},"36":{"start":{"line":63,"column":27},"end":{"line":63,"column":null}},"37":{"start":{"line":64,"column":6},"end":{"line":64,"column":null}},"38":{"start":{"line":67,"column":4},"end":{"line":67,"column":null}},"39":{"start":{"line":68,"column":4},"end":{"line":70,"column":null}},"40":{"start":{"line":69,"column":6},"end":{"line":69,"column":null}},"41":{"start":{"line":71,"column":4},"end":{"line":73,"column":null}}},"fnMap":{"0":{"name":"POST","decl":{"start":{"line":6,"column":22},"end":{"line":6,"column":26}},"loc":{"start":{"line":6,"column":43},"end":{"line":41,"column":null}}},"1":{"name":"GET","decl":{"start":{"line":43,"column":22},"end":{"line":43,"column":25}},"loc":{"start":{"line":43,"column":42},"end":{"line":76,"column":null}}}},"branchMap":{"0":{"loc":{"start":{"line":9,"column":4},"end":{"line":11,"column":null}},"type":"if","locations":[{"start":{"line":9,"column":4},"end":{"line":11,"column":null}}]},"1":{"loc":{"start":{"line":16,"column":4},"end":{"line":21,"column":null}},"type":"if","locations":[{"start":{"line":16,"column":4},"end":{"line":21,"column":null}}]},"2":{"loc":{"start":{"line":16,"column":8},"end":{"line":16,"column":30}},"type":"binary-expr","locations":[{"start":{"line":16,"column":8},"end":{"line":16,"column":20}},{"start":{"line":16,"column":20},"end":{"line":16,"column":30}}]},"3":{"loc":{"start":{"line":28,"column":27},"end":{"line":28,"column":null}},"type":"cond-expr","locations":[{"start":{"line":28,"column":52},"end":{"line":28,"column":65}},{"start":{"line":28,"column":68},"end":{"line":28,"column":null}}]},"4":{"loc":{"start":{"line":33,"column":4},"end":{"line":35,"column":null}},"type":"if","locations":[{"start":{"line":33,"column":4},"end":{"line":35,"column":null}}]},"5":{"loc":{"start":{"line":33,"column":8},"end":{"line":33,"column":67}},"type":"binary-expr","locations":[{"start":{"line":33,"column":8},"end":{"line":33,"column":34}},{"start":{"line":33,"column":34},"end":{"line":33,"column":67}}]},"6":{"loc":{"start":{"line":37,"column":15},"end":{"line":37,"column":80}},"type":"cond-expr","locations":[{"start":{"line":37,"column":40},"end":{"line":37,"column":53}},{"start":{"line":37,"column":56},"end":{"line":37,"column":80}}]},"7":{"loc":{"start":{"line":46,"column":4},"end":{"line":48,"column":null}},"type":"if","locations":[{"start":{"line":46,"column":4},"end":{"line":48,"column":null}}]},"8":{"loc":{"start":{"line":54,"column":4},"end":{"line":56,"column":null}},"type":"if","locations":[{"start":{"line":54,"column":4},"end":{"line":56,"column":null}}]},"9":{"loc":{"start":{"line":63,"column":27},"end":{"line":63,"column":null}},"type":"cond-expr","locations":[{"start":{"line":63,"column":52},"end":{"line":63,"column":65}},{"start":{"line":63,"column":68},"end":{"line":63,"column":null}}]},"10":{"loc":{"start":{"line":68,"column":4},"end":{"line":70,"column":null}},"type":"if","locations":[{"start":{"line":68,"column":4},"end":{"line":70,"column":null}}]},"11":{"loc":{"start":{"line":68,"column":8},"end":{"line":68,"column":67}},"type":"binary-expr","locations":[{"start":{"line":68,"column":8},"end":{"line":68,"column":34}},{"start":{"line":68,"column":34},"end":{"line":68,"column":67}}]},"12":{"loc":{"start":{"line":72,"column":15},"end":{"line":72,"column":80}},"type":"cond-expr","locations":[{"start":{"line":72,"column":40},"end":{"line":72,"column":53}},{"start":{"line":72,"column":56},"end":{"line":72,"column":80}}]}},"s":{"0":5,"1":5,"2":1,"3":1,"4":1,"5":5,"6":5,"7":5,"8":1,"9":4,"10":3,"11":3,"12":1,"13":2,"14":2,"15":1,"16":1,"17":1,"18":1,"19":1,"20":1,"21":1,"22":0,"23":5,"24":5,"25":5,"26":1,"27":4,"28":3,"29":3,"30":3,"31":1,"32":2,"33":2,"34":1,"35":1,"36":1,"37":1,"38":1,"39":1,"40":1,"41":0},"f":{"0":5,"1":5},"b":{"0":[1],"1":[1],"2":[3,3],"3":[1,0],"4":[1],"5":[1,1],"6":[0,0],"7":[1],"8":[1],"9":[1,0],"10":[1],"11":[1,1],"12":[0,0]}}
,"/Users/adriansiekierko/Documents/fireworldCOPY/src/app/api/posts/route.ts": {"path":"/Users/adriansiekierko/Documents/fireworldCOPY/src/app/api/posts/route.ts","statementMap":{"0":{"start":{"line":92,"column":22},"end":{"line":92,"column":28}},"1":{"start":{"line":54,"column":22},"end":{"line":54,"column":25}},"2":{"start":{"line":7,"column":22},"end":{"line":7,"column":26}},"3":{"start":{"line":1,"column":29},"end":{"line":1,"column":null}},"4":{"start":{"line":2,"column":31},"end":{"line":2,"column":null}},"5":{"start":{"line":3,"column":31},"end":{"line":3,"column":null}},"6":{"start":{"line":4,"column":16},"end":{"line":4,"column":null}},"7":{"start":{"line":5,"column":25},"end":{"line":5,"column":null}},"8":{"start":{"line":8,"column":2},"end":{"line":51,"column":null}},"9":{"start":{"line":9,"column":18},"end":{"line":9,"column":69}},"10":{"start":{"line":10,"column":4},"end":{"line":12,"column":null}},"11":{"start":{"line":11,"column":6},"end":{"line":11,"column":null}},"12":{"start":{"line":14,"column":4},"end":{"line":44,"column":null}},"13":{"start":{"line":15,"column":19},"end":{"line":15,"column":null}},"14":{"start":{"line":16,"column":6},"end":{"line":16,"column":null}},"15":{"start":{"line":18,"column":6},"end":{"line":20,"column":null}},"16":{"start":{"line":19,"column":8},"end":{"line":19,"column":null}},"17":{"start":{"line":22,"column":19},"end":{"line":22,"column":null}},"18":{"start":{"line":24,"column":6},"end":{"line":26,"column":null}},"19":{"start":{"line":25,"column":8},"end":{"line":25,"column":null}},"20":{"start":{"line":28,"column":23},"end":{"line":28,"column":null}},"21":{"start":{"line":29,"column":6},"end":{"line":31,"column":null}},"22":{"start":{"line":30,"column":8},"end":{"line":30,"column":null}},"23":{"start":{"line":33,"column":19},"end":{"line":33,"column":null}},"24":{"start":{"line":34,"column":6},"end":{"line":34,"column":null}},"25":{"start":{"line":36,"column":6},"end":{"line":38,"column":null}},"26":{"start":{"line":37,"column":8},"end":{"line":37,"column":null}},"27":{"start":{"line":39,"column":6},"end":{"line":39,"column":null}},"28":{"start":{"line":40,"column":6},"end":{"line":43,"column":null}},"29":{"start":{"line":46,"column":4},"end":{"line":46,"column":null}},"30":{"start":{"line":47,"column":4},"end":{"line":50,"column":null}},"31":{"start":{"line":55,"column":2},"end":{"line":89,"column":null}},"32":{"start":{"line":56,"column":4},"end":{"line":56,"column":null}},"33":{"start":{"line":57,"column":29},"end":{"line":57,"column":null}},"34":{"start":{"line":58,"column":17},"end":{"line":58,"column":null}},"35":{"start":{"line":59,"column":18},"end":{"line":59,"column":null}},"36":{"start":{"line":60,"column":19},"end":{"line":60,"column":null}},"37":{"start":{"line":62,"column":47},"end":{"line":77,"column":null}},"38":{"start":{"line":79,"column":4},"end":{"line":79,"column":null}},"39":{"start":{"line":79,"column":20},"end":{"line":79,"column":null}},"40":{"start":{"line":81,"column":4},"end":{"line":81,"column":null}},"41":{"start":{"line":82,"column":4},"end":{"line":82,"column":null}},"42":{"start":{"line":84,"column":4},"end":{"line":84,"column":null}},"43":{"start":{"line":85,"column":4},"end":{"line":88,"column":null}},"44":{"start":{"line":93,"column":2},"end":{"line":125,"column":null}},"45":{"start":{"line":94,"column":18},"end":{"line":94,"column":69}},"46":{"start":{"line":95,"column":4},"end":{"line":97,"column":null}},"47":{"start":{"line":96,"column":6},"end":{"line":96,"column":null}},"48":{"start":{"line":99,"column":17},"end":{"line":99,"column":null}},"49":{"start":{"line":100,"column":23},"end":{"line":100,"column":null}},"50":{"start":{"line":102,"column":46},"end":{"line":106,"column":null}},"51":{"start":{"line":108,"column":4},"end":{"line":111,"column":null}},"52":{"start":{"line":109,"column":6},"end":{"line":109,"column":null}},"53":{"start":{"line":110,"column":6},"end":{"line":110,"column":null}},"54":{"start":{"line":113,"column":4},"end":{"line":115,"column":null}},"55":{"start":{"line":114,"column":6},"end":{"line":114,"column":null}},"56":{"start":{"line":117,"column":4},"end":{"line":117,"column":null}},"57":{"start":{"line":118,"column":4},"end":{"line":118,"column":null}},"58":{"start":{"line":120,"column":4},"end":{"line":120,"column":null}},"59":{"start":{"line":121,"column":4},"end":{"line":123,"column":null}},"60":{"start":{"line":122,"column":6},"end":{"line":122,"column":null}},"61":{"start":{"line":124,"column":4},"end":{"line":124,"column":null}}},"fnMap":{"0":{"name":"POST","decl":{"start":{"line":7,"column":22},"end":{"line":7,"column":26}},"loc":{"start":{"line":7,"column":43},"end":{"line":52,"column":null}}},"1":{"name":"GET","decl":{"start":{"line":54,"column":22},"end":{"line":54,"column":25}},"loc":{"start":{"line":54,"column":42},"end":{"line":90,"column":null}}},"2":{"name":"DELETE","decl":{"start":{"line":92,"column":22},"end":{"line":92,"column":28}},"loc":{"start":{"line":92,"column":45},"end":{"line":126,"column":null}}}},"branchMap":{"0":{"loc":{"start":{"line":10,"column":4},"end":{"line":12,"column":null}},"type":"if","locations":[{"start":{"line":10,"column":4},"end":{"line":12,"column":null}}]},"1":{"loc":{"start":{"line":18,"column":6},"end":{"line":20,"column":null}},"type":"if","locations":[{"start":{"line":18,"column":6},"end":{"line":20,"column":null}}]},"2":{"loc":{"start":{"line":24,"column":6},"end":{"line":26,"column":null}},"type":"if","locations":[{"start":{"line":24,"column":6},"end":{"line":26,"column":null}}]},"3":{"loc":{"start":{"line":24,"column":10},"end":{"line":24,"column":45}},"type":"binary-expr","locations":[{"start":{"line":24,"column":10},"end":{"line":24,"column":19}},{"start":{"line":24,"column":19},"end":{"line":24,"column":45}}]},"4":{"loc":{"start":{"line":29,"column":6},"end":{"line":31,"column":null}},"type":"if","locations":[{"start":{"line":29,"column":6},"end":{"line":31,"column":null}}]},"5":{"loc":{"start":{"line":29,"column":10},"end":{"line":29,"column":45}},"type":"binary-expr","locations":[{"start":{"line":29,"column":10},"end":{"line":29,"column":19}},{"start":{"line":29,"column":19},"end":{"line":29,"column":45}}]},"6":{"loc":{"start":{"line":36,"column":6},"end":{"line":38,"column":null}},"type":"if","locations":[{"start":{"line":36,"column":6},"end":{"line":38,"column":null}}]},"7":{"loc":{"start":{"line":41,"column":15},"end":{"line":41,"column":null}},"type":"cond-expr","locations":[{"start":{"line":41,"column":40},"end":{"line":41,"column":53}},{"start":{"line":41,"column":56},"end":{"line":41,"column":null}}]},"8":{"loc":{"start":{"line":42,"column":17},"end":{"line":42,"column":null}},"type":"cond-expr","locations":[{"start":{"line":42,"column":42},"end":{"line":42,"column":53}},{"start":{"line":42,"column":56},"end":{"line":42,"column":null}}]},"9":{"loc":{"start":{"line":48,"column":13},"end":{"line":48,"column":null}},"type":"cond-expr","locations":[{"start":{"line":48,"column":38},"end":{"line":48,"column":51}},{"start":{"line":48,"column":54},"end":{"line":48,"column":null}}]},"10":{"loc":{"start":{"line":49,"column":15},"end":{"line":49,"column":null}},"type":"cond-expr","locations":[{"start":{"line":49,"column":40},"end":{"line":49,"column":51}},{"start":{"line":49,"column":54},"end":{"line":49,"column":null}}]},"11":{"loc":{"start":{"line":58,"column":26},"end":{"line":58,"column":null}},"type":"binary-expr","locations":[{"start":{"line":58,"column":26},"end":{"line":58,"column":54}},{"start":{"line":58,"column":54},"end":{"line":58,"column":null}}]},"12":{"loc":{"start":{"line":59,"column":27},"end":{"line":59,"column":null}},"type":"binary-expr","locations":[{"start":{"line":59,"column":27},"end":{"line":59,"column":56}},{"start":{"line":59,"column":56},"end":{"line":59,"column":null}}]},"13":{"loc":{"start":{"line":79,"column":4},"end":{"line":79,"column":null}},"type":"if","locations":[{"start":{"line":79,"column":4},"end":{"line":79,"column":null}}]},"14":{"loc":{"start":{"line":86,"column":13},"end":{"line":86,"column":null}},"type":"cond-expr","locations":[{"start":{"line":86,"column":38},"end":{"line":86,"column":51}},{"start":{"line":86,"column":54},"end":{"line":86,"column":null}}]},"15":{"loc":{"start":{"line":87,"column":15},"end":{"line":87,"column":null}},"type":"cond-expr","locations":[{"start":{"line":87,"column":40},"end":{"line":87,"column":51}},{"start":{"line":87,"column":54},"end":{"line":87,"column":null}}]},"16":{"loc":{"start":{"line":95,"column":4},"end":{"line":97,"column":null}},"type":"if","locations":[{"start":{"line":95,"column":4},"end":{"line":97,"column":null}}]},"17":{"loc":{"start":{"line":108,"column":4},"end":{"line":111,"column":null}},"type":"if","locations":[{"start":{"line":108,"column":4},"end":{"line":111,"column":null}}]},"18":{"loc":{"start":{"line":113,"column":4},"end":{"line":115,"column":null}},"type":"if","locations":[{"start":{"line":113,"column":4},"end":{"line":115,"column":null}}]},"19":{"loc":{"start":{"line":121,"column":4},"end":{"line":123,"column":null}},"type":"if","locations":[{"start":{"line":121,"column":4},"end":{"line":123,"column":null}}]}},"s":{"0":5,"1":2,"2":5,"3":1,"4":1,"5":1,"6":1,"7":1,"8":5,"9":5,"10":5,"11":1,"12":4,"13":4,"14":3,"15":3,"16":0,"17":3,"18":3,"19":0,"20":3,"21":3,"22":1,"23":2,"24":1,"25":2,"26":1,"27":1,"28":1,"29":0,"30":0,"31":2,"32":2,"33":2,"34":2,"35":2,"36":2,"37":2,"38":2,"39":1,"40":1,"41":1,"42":1,"43":1,"44":5,"45":5,"46":5,"47":1,"48":4,"49":4,"50":4,"51":4,"52":1,"53":1,"54":3,"55":1,"56":2,"57":1,"58":1,"59":1,"60":0,"61":1},"f":{"0":5,"1":2,"2":5},"b":{"0":[1],"1":[0],"2":[0],"3":[3,3],"4":[1],"5":[3,2],"6":[1],"7":[1,0],"8":[1,0],"9":[0,0],"10":[0,0],"11":[2,2],"12":[2,2],"13":[1],"14":[1,0],"15":[1,0],"16":[1],"17":[1],"18":[1],"19":[0]}}
,"/Users/adriansiekierko/Documents/fireworldCOPY/src/app/api/users/route.ts": {"path":"/Users/adriansiekierko/Documents/fireworldCOPY/src/app/api/users/route.ts","statementMap":{"0":{"start":{"line":5,"column":22},"end":{"line":5,"column":26}},"1":{"start":{"line":1,"column":29},"end":{"line":1,"column":null}},"2":{"start":{"line":2,"column":31},"end":{"line":2,"column":null}},"3":{"start":{"line":3,"column":25},"end":{"line":3,"column":null}},"4":{"start":{"line":6,"column":2},"end":{"line":32,"column":null}},"5":{"start":{"line":7,"column":18},"end":{"line":7,"column":69}},"6":{"start":{"line":8,"column":4},"end":{"line":10,"column":null}},"7":{"start":{"line":9,"column":6},"end":{"line":9,"column":null}},"8":{"start":{"line":12,"column":17},"end":{"line":12,"column":null}},"9":{"start":{"line":14,"column":28},"end":{"line":18,"column":null}},"10":{"start":{"line":20,"column":4},"end":{"line":20,"column":null}},"11":{"start":{"line":20,"column":15},"end":{"line":20,"column":null}},"12":{"start":{"line":22,"column":18},"end":{"line":26,"column":null}},"13":{"start":{"line":22,"column":36},"end":{"line":26,"column":null}},"14":{"start":{"line":28,"column":4},"end":{"line":28,"column":null}},"15":{"start":{"line":30,"column":4},"end":{"line":30,"column":null}},"16":{"start":{"line":31,"column":4},"end":{"line":31,"column":null}}},"fnMap":{"0":{"name":"GET","decl":{"start":{"line":5,"column":22},"end":{"line":5,"column":26}},"loc":{"start":{"line":5,"column":42},"end":{"line":33,"column":null}}},"1":{"name":"(anonymous_2)","decl":{"start":{"line":22,"column":27},"end":{"line":22,"column":36}},"loc":{"start":{"line":22,"column":36},"end":{"line":26,"column":null}}}},"branchMap":{"0":{"loc":{"start":{"line":8,"column":4},"end":{"line":10,"column":null}},"type":"if","locations":[{"start":{"line":8,"column":4},"end":{"line":10,"column":null}}]},"1":{"loc":{"start":{"line":20,"column":4},"end":{"line":20,"column":null}},"type":"if","locations":[{"start":{"line":20,"column":4},"end":{"line":20,"column":null}}]}},"s":{"0":3,"1":1,"2":1,"3":1,"4":3,"5":3,"6":3,"7":1,"8":2,"9":2,"10":2,"11":1,"12":1,"13":2,"14":1,"15":1,"16":1},"f":{"0":3,"1":2},"b":{"0":[1],"1":[1]}}
,"/Users/adriansiekierko/Documents/fireworldCOPY/src/components/ChatAssistant.tsx": {"path":"/Users/adriansiekierko/Documents/fireworldCOPY/src/components/ChatAssistant.tsx","statementMap":{"0":{"start":{"line":11,"column":24},"end":{"line":11,"column":null}},"1":{"start":{"line":3,"column":25},"end":{"line":3,"column":null}},"2":{"start":{"line":4,"column":21},"end":{"line":4,"column":null}},"3":{"start":{"line":12,"column":34},"end":{"line":12,"column":null}},"4":{"start":{"line":13,"column":28},"end":{"line":13,"column":null}},"5":{"start":{"line":14,"column":36},"end":{"line":14,"column":null}},"6":{"start":{"line":16,"column":23},"end":{"line":51,"column":null}},"7":{"start":{"line":17,"column":4},"end":{"line":17,"column":null}},"8":{"start":{"line":18,"column":4},"end":{"line":18,"column":null}},"9":{"start":{"line":18,"column":23},"end":{"line":18,"column":null}},"10":{"start":{"line":20,"column":33},"end":{"line":23,"column":null}},"11":{"start":{"line":25,"column":4},"end":{"line":25,"column":null}},"12":{"start":{"line":25,"column":26},"end":{"line":25,"column":null}},"13":{"start":{"line":26,"column":4},"end":{"line":26,"column":null}},"14":{"start":{"line":27,"column":4},"end":{"line":27,"column":null}},"15":{"start":{"line":29,"column":4},"end":{"line":50,"column":null}},"16":{"start":{"line":30,"column":23},"end":{"line":36,"column":null}},"17":{"start":{"line":38,"column":19},"end":{"line":38,"column":null}},"18":{"start":{"line":40,"column":40},"end":{"line":43,"column":null}},"19":{"start":{"line":45,"column":6},"end":{"line":45,"column":null}},"20":{"start":{"line":45,"column":28},"end":{"line":45,"column":null}},"21":{"start":{"line":47,"column":6},"end":{"line":47,"column":null}},"22":{"start":{"line":49,"column":6},"end":{"line":49,"column":null}},"23":{"start":{"line":61,"column":10},"end":{"line":62,"column":null}},"24":{"start":{"line":93,"column":31},"end":{"line":93,"column":null}}},"fnMap":{"0":{"name":"ChatAssistant","decl":{"start":{"line":11,"column":24},"end":{"line":11,"column":null}},"loc":{"start":{"line":11,"column":24},"end":{"line":109,"column":null}}},"1":{"name":"(anonymous_2)","decl":{"start":{"line":16,"column":23},"end":{"line":16,"column":30}},"loc":{"start":{"line":16,"column":30},"end":{"line":51,"column":null}}},"2":{"name":"(anonymous_3)","decl":{"start":{"line":25,"column":16},"end":{"line":25,"column":17}},"loc":{"start":{"line":25,"column":26},"end":{"line":25,"column":null}}},"3":{"name":"(anonymous_4)","decl":{"start":{"line":45,"column":18},"end":{"line":45,"column":19}},"loc":{"start":{"line":45,"column":28},"end":{"line":45,"column":null}}},"4":{"name":"(anonymous_5)","decl":{"start":{"line":60,"column":22},"end":{"line":60,"column":23}},"loc":{"start":{"line":61,"column":10},"end":{"line":62,"column":null}}},"5":{"name":"(anonymous_6)","decl":{"start":{"line":93,"column":24},"end":{"line":93,"column":25}},"loc":{"start":{"line":93,"column":31},"end":{"line":93,"column":null}}}},"branchMap":{"0":{"loc":{"start":{"line":18,"column":4},"end":{"line":18,"column":null}},"type":"if","locations":[{"start":{"line":18,"column":4},"end":{"line":18,"column":null}}]},"1":{"loc":{"start":{"line":64,"column":14},"end":{"line":64,"column":null}},"type":"cond-expr","locations":[{"start":{"line":64,"column":40},"end":{"line":64,"column":56}},{"start":{"line":64,"column":56},"end":{"line":64,"column":null}}]},"2":{"loc":{"start":{"line":69,"column":16},"end":{"line":71,"column":null}},"type":"cond-expr","locations":[{"start":{"line":70,"column":20},"end":{"line":70,"column":null}},{"start":{"line":71,"column":20},"end":{"line":71,"column":null}}]},"3":{"loc":{"start":{"line":78,"column":9},"end":{"line":78,"column":null}},"type":"binary-expr","locations":[{"start":{"line":78,"column":9},"end":{"line":78,"column":null}}]}},"s":{"0":9,"1":1,"2":1,"3":19,"4":19,"5":19,"6":19,"7":4,"8":4,"9":0,"10":4,"11":4,"12":4,"13":4,"14":4,"15":4,"16":4,"17":3,"18":3,"19":3,"20":2,"21":0,"22":3,"23":8,"24":4},"f":{"0":19,"1":4,"2":4,"3":2,"4":8,"5":4},"b":{"0":[0],"1":[6,2],"2":[6,2],"3":[19]}}
,"/Users/adriansiekierko/Documents/fireworldCOPY/src/components/ClientLayout.tsx": {"path":"/Users/adriansiekierko/Documents/fireworldCOPY/src/components/ClientLayout.tsx","statementMap":{"0":{"start":{"line":7,"column":24},"end":{"line":7,"column":37}},"1":{"start":{"line":3,"column":28},"end":{"line":3,"column":null}},"2":{"start":{"line":4,"column":20},"end":{"line":4,"column":null}},"3":{"start":{"line":5,"column":25},"end":{"line":5,"column":null}},"4":{"start":{"line":12,"column":19},"end":{"line":12,"column":null}},"5":{"start":{"line":13,"column":22},"end":{"line":13,"column":null}}},"fnMap":{"0":{"name":"ClientLayout","decl":{"start":{"line":7,"column":24},"end":{"line":7,"column":37}},"loc":{"start":{"line":11,"column":1},"end":{"line":31,"column":null}}}},"branchMap":{"0":{"loc":{"start":{"line":18,"column":7},"end":{"line":18,"column":null}},"type":"binary-expr","locations":[{"start":{"line":18,"column":7},"end":{"line":18,"column":23}},{"start":{"line":18,"column":23},"end":{"line":18,"column":null}}]},"1":{"loc":{"start":{"line":19,"column":33},"end":{"line":19,"column":73}},"type":"cond-expr","locations":[{"start":{"line":19,"column":48},"end":{"line":19,"column":70}},{"start":{"line":19,"column":70},"end":{"line":19,"column":73}}]},"2":{"loc":{"start":{"line":24,"column":7},"end":{"line":24,"column":null}},"type":"binary-expr","locations":[{"start":{"line":24,"column":7},"end":{"line":24,"column":null}}]}},"s":{"0":0,"1":0,"2":0,"3":0,"4":0,"5":0},"f":{"0":0},"b":{"0":[0,0],"1":[0,0],"2":[0]}}
,"/Users/adriansiekierko/Documents/fireworldCOPY/src/components/CreatePost.tsx": {"path":"/Users/adriansiekierko/Documents/fireworldCOPY/src/components/CreatePost.tsx","statementMap":{"0":{"start":{"line":10,"column":24},"end":{"line":10,"column":35}},"1":{"start":{"line":3,"column":25},"end":{"line":3,"column":null}},"2":{"start":{"line":11,"column":26},"end":{"line":11,"column":null}},"3":{"start":{"line":12,"column":32},"end":{"line":12,"column":null}},"4":{"start":{"line":13,"column":28},"end":{"line":13,"column":null}},"5":{"start":{"line":15,"column":23},"end":{"line":55,"column":null}},"6":{"start":{"line":16,"column":4},"end":{"line":16,"column":null}},"7":{"start":{"line":17,"column":4},"end":{"line":17,"column":null}},"8":{"start":{"line":17,"column":22},"end":{"line":17,"column":null}},"9":{"start":{"line":19,"column":4},"end":{"line":19,"column":null}},"10":{"start":{"line":20,"column":4},"end":{"line":20,"column":null}},"11":{"start":{"line":21,"column":4},"end":{"line":54,"column":null}},"12":{"start":{"line":22,"column":20},"end":{"line":22,"column":null}},"13":{"start":{"line":23,"column":6},"end":{"line":25,"column":null}},"14":{"start":{"line":24,"column":8},"end":{"line":24,"column":null}},"15":{"start":{"line":27,"column":6},"end":{"line":27,"column":null}},"16":{"start":{"line":28,"column":27},"end":{"line":28,"column":null}},"17":{"start":{"line":29,"column":6},"end":{"line":29,"column":null}},"18":{"start":{"line":30,"column":6},"end":{"line":30,"column":null}},"19":{"start":{"line":32,"column":23},"end":{"line":39,"column":null}},"20":{"start":{"line":41,"column":19},"end":{"line":41,"column":null}},"21":{"start":{"line":43,"column":6},"end":{"line":45,"column":null}},"22":{"start":{"line":44,"column":8},"end":{"line":44,"column":null}},"23":{"start":{"line":47,"column":6},"end":{"line":47,"column":null}},"24":{"start":{"line":48,"column":6},"end":{"line":48,"column":null}},"25":{"start":{"line":50,"column":6},"end":{"line":50,"column":null}},"26":{"start":{"line":51,"column":6},"end":{"line":51,"column":null}},"27":{"start":{"line":53,"column":6},"end":{"line":53,"column":null}},"28":{"start":{"line":62,"column":27},"end":{"line":62,"column":null}}},"fnMap":{"0":{"name":"CreatePost","decl":{"start":{"line":10,"column":24},"end":{"line":10,"column":35}},"loc":{"start":{"line":10,"column":69},"end":{"line":100,"column":null}}},"1":{"name":"(anonymous_2)","decl":{"start":{"line":15,"column":23},"end":{"line":15,"column":30}},"loc":{"start":{"line":15,"column":30},"end":{"line":55,"column":null}}},"2":{"name":"(anonymous_3)","decl":{"start":{"line":62,"column":20},"end":{"line":62,"column":21}},"loc":{"start":{"line":62,"column":27},"end":{"line":62,"column":null}}}},"branchMap":{"0":{"loc":{"start":{"line":17,"column":4},"end":{"line":17,"column":null}},"type":"if","locations":[{"start":{"line":17,"column":4},"end":{"line":17,"column":null}}]},"1":{"loc":{"start":{"line":23,"column":6},"end":{"line":25,"column":null}},"type":"if","locations":[{"start":{"line":23,"column":6},"end":{"line":25,"column":null}}]},"2":{"loc":{"start":{"line":43,"column":6},"end":{"line":45,"column":null}},"type":"if","locations":[{"start":{"line":43,"column":6},"end":{"line":45,"column":null}}]},"3":{"loc":{"start":{"line":44,"column":24},"end":{"line":44,"column":null}},"type":"binary-expr","locations":[{"start":{"line":44,"column":24},"end":{"line":44,"column":34}},{"start":{"line":44,"column":38},"end":{"line":44,"column":null}}]},"4":{"loc":{"start":{"line":51,"column":15},"end":{"line":51,"column":null}},"type":"cond-expr","locations":[{"start":{"line":51,"column":40},"end":{"line":51,"column":53}},{"start":{"line":51,"column":56},"end":{"line":51,"column":null}}]},"5":{"loc":{"start":{"line":73,"column":7},"end":{"line":73,"column":null}},"type":"binary-expr","locations":[{"start":{"line":73,"column":7},"end":{"line":73,"column":null}}]},"6":{"loc":{"start":{"line":81,"column":20},"end":{"line":81,"column":null}},"type":"binary-expr","locations":[{"start":{"line":81,"column":20},"end":{"line":81,"column":31}},{"start":{"line":81,"column":31},"end":{"line":81,"column":null}}]},"7":{"loc":{"start":{"line":84,"column":11},"end":{"line":94,"column":null}},"type":"cond-expr","locations":[{"start":{"line":85,"column":12},"end":{"line":94,"column":null}},{"start":{"line":94,"column":12},"end":{"line":94,"column":null}}]}},"s":{"0":6,"1":1,"2":10,"3":10,"4":10,"5":10,"6":1,"7":1,"8":0,"9":1,"10":1,"11":1,"12":1,"13":1,"14":0,"15":1,"16":1,"17":1,"18":1,"19":1,"20":1,"21":1,"22":0,"23":1,"24":1,"25":0,"26":0,"27":1,"28":2},"f":{"0":10,"1":1,"2":2},"b":{"0":[0],"1":[0],"2":[0],"3":[0,0],"4":[0,0],"5":[10],"6":[10,9],"7":[1,9]}}
,"/Users/adriansiekierko/Documents/fireworldCOPY/src/components/Feed.tsx": {"path":"/Users/adriansiekierko/Documents/fireworldCOPY/src/components/Feed.tsx","statementMap":{"0":{"start":{"line":13,"column":24},"end":{"line":13,"column":null}},"1":{"start":{"line":3,"column":57},"end":{"line":3,"column":null}},"2":{"start":{"line":5,"column":24},"end":{"line":5,"column":null}},"3":{"start":{"line":6,"column":21},"end":{"line":6,"column":null}},"4":{"start":{"line":7,"column":21},"end":{"line":7,"column":null}},"5":{"start":{"line":8,"column":23},"end":{"line":8,"column":null}},"6":{"start":{"line":10,"column":23},"end":{"line":10,"column":null}},"7":{"start":{"line":11,"column":22},"end":{"line":11,"column":null}},"8":{"start":{"line":14,"column":28},"end":{"line":14,"column":null}},"9":{"start":{"line":15,"column":26},"end":{"line":15,"column":null}},"10":{"start":{"line":16,"column":32},"end":{"line":16,"column":null}},"11":{"start":{"line":17,"column":48},"end":{"line":17,"column":null}},"12":{"start":{"line":18,"column":28},"end":{"line":18,"column":null}},"13":{"start":{"line":19,"column":32},"end":{"line":19,"column":null}},"14":{"start":{"line":20,"column":26},"end":{"line":20,"column":null}},"15":{"start":{"line":21,"column":44},"end":{"line":21,"column":null}},"16":{"start":{"line":23,"column":21},"end":{"line":39,"column":null}},"17":{"start":{"line":24,"column":4},"end":{"line":38,"column":null}},"18":{"start":{"line":25,"column":28},"end":{"line":25,"column":null}},"19":{"start":{"line":26,"column":6},"end":{"line":28,"column":null}},"20":{"start":{"line":27,"column":8},"end":{"line":27,"column":null}},"21":{"start":{"line":29,"column":24},"end":{"line":29,"column":null}},"22":{"start":{"line":30,"column":6},"end":{"line":33,"column":null}},"23":{"start":{"line":31,"column":8},"end":{"line":31,"column":null}},"24":{"start":{"line":32,"column":8},"end":{"line":32,"column":null}},"25":{"start":{"line":34,"column":6},"end":{"line":34,"column":null}},"26":{"start":{"line":36,"column":6},"end":{"line":36,"column":null}},"27":{"start":{"line":37,"column":6},"end":{"line":37,"column":null}},"28":{"start":{"line":41,"column":20},"end":{"line":49,"column":null}},"29":{"start":{"line":42,"column":4},"end":{"line":48,"column":null}},"30":{"start":{"line":43,"column":23},"end":{"line":43,"column":null}},"31":{"start":{"line":44,"column":6},"end":{"line":44,"column":null}},"32":{"start":{"line":46,"column":6},"end":{"line":46,"column":null}},"33":{"start":{"line":47,"column":6},"end":{"line":47,"column":null}},"34":{"start":{"line":51,"column":2},"end":{"line":54,"column":null}},"35":{"start":{"line":52,"column":18},"end":{"line":52,"column":null}},"36":{"start":{"line":53,"column":4},"end":{"line":53,"column":null}},"37":{"start":{"line":56,"column":2},"end":{"line":76,"column":null}},"38":{"start":{"line":57,"column":22},"end":{"line":73,"column":null}},"39":{"start":{"line":58,"column":6},"end":{"line":72,"column":null}},"40":{"start":{"line":59,"column":38},"end":{"line":62,"column":null}},"41":{"start":{"line":64,"column":8},"end":{"line":64,"column":null}},"42":{"start":{"line":65,"column":8},"end":{"line":65,"column":null}},"43":{"start":{"line":66,"column":8},"end":{"line":66,"column":null}},"44":{"start":{"line":68,"column":8},"end":{"line":68,"column":null}},"45":{"start":{"line":69,"column":8},"end":{"line":69,"column":null}},"46":{"start":{"line":71,"column":8},"end":{"line":71,"column":null}},"47":{"start":{"line":75,"column":4},"end":{"line":75,"column":null}},"48":{"start":{"line":78,"column":25},"end":{"line":106,"column":null}},"49":{"start":{"line":79,"column":4},"end":{"line":79,"column":null}},"50":{"start":{"line":79,"column":35},"end":{"line":79,"column":null}},"51":{"start":{"line":81,"column":4},"end":{"line":81,"column":null}},"52":{"start":{"line":82,"column":4},"end":{"line":105,"column":null}},"53":{"start":{"line":83,"column":23},"end":{"line":83,"column":null}},"54":{"start":{"line":84,"column":34},"end":{"line":87,"column":null}},"55":{"start":{"line":89,"column":28},"end":{"line":89,"column":null}},"56":{"start":{"line":91,"column":6},"end":{"line":98,"column":null}},"57":{"start":{"line":92,"column":8},"end":{"line":92,"column":null}},"58":{"start":{"line":92,"column":25},"end":{"line":92,"column":null}},"59":{"start":{"line":93,"column":8},"end":{"line":93,"column":null}},"60":{"start":{"line":93,"column":24},"end":{"line":93,"column":null}},"61":{"start":{"line":94,"column":8},"end":{"line":94,"column":null}},"62":{"start":{"line":95,"column":8},"end":{"line":95,"column":null}},"63":{"start":{"line":97,"column":8},"end":{"line":97,"column":null}},"64":{"start":{"line":100,"column":6},"end":{"line":100,"column":null}},"65":{"start":{"line":101,"column":6},"end":{"line":101,"column":null}},"66":{"start":{"line":102,"column":6},"end":{"line":102,"column":null}},"67":{"start":{"line":104,"column":6},"end":{"line":104,"column":null}},"68":{"start":{"line":108,"column":29},"end":{"line":134,"column":null}},"69":{"start":{"line":109,"column":27},"end":{"line":113,"column":null}},"70":{"start":{"line":109,"column":46},"end":{"line":113,"column":null}},"71":{"start":{"line":115,"column":26},"end":{"line":119,"column":null}},"72":{"start":{"line":115,"column":47},"end":{"line":119,"column":null}},"73":{"start":{"line":121,"column":28},"end":{"line":121,"column":30}},"74":{"start":{"line":122,"column":22},"end":{"line":122,"column":null}},"75":{"start":{"line":124,"column":4},"end":{"line":131,"column":null}},"76":{"start":{"line":124,"column":17},"end":{"line":124,"column":20}},"77":{"start":{"line":125,"column":6},"end":{"line":127,"column":null}},"78":{"start":{"line":126,"column":8},"end":{"line":126,"column":null}},"79":{"start":{"line":128,"column":6},"end":{"line":130,"column":null}},"80":{"start":{"line":129,"column":8},"end":{"line":129,"column":null}},"81":{"start":{"line":133,"column":4},"end":{"line":133,"column":null}},"82":{"start":{"line":136,"column":28},"end":{"line":138,"column":null}},"83":{"start":{"line":137,"column":4},"end":{"line":137,"column":null}},"84":{"start":{"line":137,"column":29},"end":{"line":137,"column":null}},"85":{"start":{"line":137,"column":57},"end":{"line":137,"column":null}},"86":{"start":{"line":143,"column":8},"end":{"line":143,"column":null}},"87":{"start":{"line":144,"column":8},"end":{"line":144,"column":null}},"88":{"start":{"line":145,"column":8},"end":{"line":145,"column":null}},"89":{"start":{"line":146,"column":8},"end":{"line":146,"column":null}},"90":{"start":{"line":147,"column":8},"end":{"line":147,"column":null}},"91":{"start":{"line":147,"column":39},"end":{"line":147,"column":null}},"92":{"start":{"line":148,"column":8},"end":{"line":148,"column":null}},"93":{"start":{"line":148,"column":37},"end":{"line":148,"column":null}},"94":{"start":{"line":164,"column":12},"end":{"line":165,"column":null}},"95":{"start":{"line":171,"column":20},"end":{"line":171,"column":null}},"96":{"start":{"line":172,"column":20},"end":{"line":172,"column":null}},"97":{"start":{"line":173,"column":20},"end":{"line":173,"column":null}},"98":{"start":{"line":174,"column":20},"end":{"line":174,"column":null}},"99":{"start":{"line":175,"column":20},"end":{"line":175,"column":null}},"100":{"start":{"line":175,"column":51},"end":{"line":175,"column":null}},"101":{"start":{"line":176,"column":20},"end":{"line":176,"column":null}},"102":{"start":{"line":176,"column":49},"end":{"line":176,"column":null}}},"fnMap":{"0":{"name":"Feed","decl":{"start":{"line":13,"column":24},"end":{"line":13,"column":null}},"loc":{"start":{"line":13,"column":24},"end":{"line":217,"column":null}}},"1":{"name":"(anonymous_3)","decl":{"start":{"line":23,"column":21},"end":{"line":23,"column":28}},"loc":{"start":{"line":23,"column":28},"end":{"line":39,"column":null}}},"2":{"name":"(anonymous_4)","decl":{"start":{"line":41,"column":20},"end":{"line":41,"column":27}},"loc":{"start":{"line":41,"column":27},"end":{"line":49,"column":null}}},"3":{"name":"(anonymous_5)","decl":{"start":{"line":51,"column":12},"end":{"line":51,"column":null}},"loc":{"start":{"line":51,"column":12},"end":{"line":54,"column":5}}},"4":{"name":"(anonymous_6)","decl":{"start":{"line":56,"column":12},"end":{"line":56,"column":null}},"loc":{"start":{"line":56,"column":12},"end":{"line":76,"column":5}}},"5":{"name":"(anonymous_7)","decl":{"start":{"line":57,"column":22},"end":{"line":57,"column":null}},"loc":{"start":{"line":57,"column":22},"end":{"line":73,"column":null}}},"6":{"name":"(anonymous_8)","decl":{"start":{"line":78,"column":25},"end":{"line":78,"column":null}},"loc":{"start":{"line":78,"column":25},"end":{"line":106,"column":null}}},"7":{"name":"(anonymous_9)","decl":{"start":{"line":92,"column":17},"end":{"line":92,"column":25}},"loc":{"start":{"line":92,"column":25},"end":{"line":92,"column":null}}},"8":{"name":"(anonymous_10)","decl":{"start":{"line":93,"column":16},"end":{"line":93,"column":24}},"loc":{"start":{"line":93,"column":24},"end":{"line":93,"column":null}}},"9":{"name":"(anonymous_11)","decl":{"start":{"line":108,"column":29},"end":{"line":108,"column":null}},"loc":{"start":{"line":108,"column":29},"end":{"line":134,"column":null}}},"10":{"name":"(anonymous_12)","decl":{"start":{"line":109,"column":37},"end":{"line":109,"column":46}},"loc":{"start":{"line":109,"column":46},"end":{"line":113,"column":null}}},"11":{"name":"(anonymous_13)","decl":{"start":{"line":115,"column":35},"end":{"line":115,"column":47}},"loc":{"start":{"line":115,"column":47},"end":{"line":119,"column":null}}},"12":{"name":"(anonymous_14)","decl":{"start":{"line":136,"column":28},"end":{"line":136,"column":29}},"loc":{"start":{"line":136,"column":29},"end":{"line":138,"column":null}}},"13":{"name":"(anonymous_15)","decl":{"start":{"line":137,"column":13},"end":{"line":137,"column":29}},"loc":{"start":{"line":137,"column":29},"end":{"line":137,"column":null}}},"14":{"name":"(anonymous_16)","decl":{"start":{"line":137,"column":49},"end":{"line":137,"column":57}},"loc":{"start":{"line":137,"column":57},"end":{"line":137,"column":null}}},"15":{"name":"(anonymous_17)","decl":{"start":{"line":142,"column":53},"end":{"line":142,"column":null}},"loc":{"start":{"line":142,"column":53},"end":{"line":149,"column":null}}},"16":{"name":"(anonymous_18)","decl":{"start":{"line":147,"column":27},"end":{"line":147,"column":39}},"loc":{"start":{"line":147,"column":39},"end":{"line":147,"column":null}}},"17":{"name":"(anonymous_19)","decl":{"start":{"line":148,"column":26},"end":{"line":148,"column":37}},"loc":{"start":{"line":148,"column":37},"end":{"line":148,"column":null}}},"18":{"name":"(anonymous_20)","decl":{"start":{"line":163,"column":36},"end":{"line":163,"column":37}},"loc":{"start":{"line":164,"column":12},"end":{"line":165,"column":null}}},"19":{"name":"(anonymous_21)","decl":{"start":{"line":170,"column":33},"end":{"line":170,"column":null}},"loc":{"start":{"line":170,"column":33},"end":{"line":177,"column":null}}},"20":{"name":"(anonymous_22)","decl":{"start":{"line":175,"column":39},"end":{"line":175,"column":51}},"loc":{"start":{"line":175,"column":51},"end":{"line":175,"column":null}}},"21":{"name":"(anonymous_23)","decl":{"start":{"line":176,"column":38},"end":{"line":176,"column":49}},"loc":{"start":{"line":176,"column":49},"end":{"line":176,"column":null}}}},"branchMap":{"0":{"loc":{"start":{"line":26,"column":6},"end":{"line":28,"column":null}},"type":"if","locations":[{"start":{"line":26,"column":6},"end":{"line":28,"column":null}}]},"1":{"loc":{"start":{"line":30,"column":6},"end":{"line":33,"column":null}},"type":"if","locations":[{"start":{"line":30,"column":6},"end":{"line":33,"column":null}}]},"2":{"loc":{"start":{"line":66,"column":19},"end":{"line":66,"column":null}},"type":"binary-expr","locations":[{"start":{"line":66,"column":19},"end":{"line":66,"column":43}},{"start":{"line":66,"column":43},"end":{"line":66,"column":null}}]},"3":{"loc":{"start":{"line":79,"column":4},"end":{"line":79,"column":null}},"type":"if","locations":[{"start":{"line":79,"column":4},"end":{"line":79,"column":null}}]},"4":{"loc":{"start":{"line":79,"column":8},"end":{"line":79,"column":35}},"type":"binary-expr","locations":[{"start":{"line":79,"column":8},"end":{"line":79,"column":20}},{"start":{"line":79,"column":20},"end":{"line":79,"column":35}}]},"5":{"loc":{"start":{"line":89,"column":28},"end":{"line":89,"column":null}},"type":"binary-expr","locations":[{"start":{"line":89,"column":28},"end":{"line":89,"column":51}},{"start":{"line":89,"column":51},"end":{"line":89,"column":null}}]},"6":{"loc":{"start":{"line":91,"column":6},"end":{"line":98,"column":null}},"type":"if","locations":[{"start":{"line":91,"column":6},"end":{"line":98,"column":null}},{"start":{"line":96,"column":13},"end":{"line":98,"column":null}}]},"7":{"loc":{"start":{"line":94,"column":19},"end":{"line":94,"column":null}},"type":"binary-expr","locations":[{"start":{"line":94,"column":19},"end":{"line":94,"column":42}},{"start":{"line":94,"column":42},"end":{"line":94,"column":null}}]},"8":{"loc":{"start":{"line":125,"column":6},"end":{"line":127,"column":null}},"type":"if","locations":[{"start":{"line":125,"column":6},"end":{"line":127,"column":null}}]},"9":{"loc":{"start":{"line":128,"column":6},"end":{"line":130,"column":null}},"type":"if","locations":[{"start":{"line":128,"column":6},"end":{"line":130,"column":null}}]},"10":{"loc":{"start":{"line":142,"column":7},"end":{"line":142,"column":26}},"type":"binary-expr","locations":[{"start":{"line":142,"column":7},"end":{"line":142,"column":26}}]},"11":{"loc":{"start":{"line":151,"column":7},"end":{"line":151,"column":null}},"type":"binary-expr","locations":[{"start":{"line":151,"column":7},"end":{"line":151,"column":null}}]},"12":{"loc":{"start":{"line":158,"column":8},"end":{"line":162,"column":null}},"type":"cond-expr","locations":[{"start":{"line":158,"column":8},"end":{"line":162,"column":null}}]},"13":{"loc":{"start":{"line":168,"column":16},"end":{"line":181,"column":17}},"type":"cond-expr","locations":[{"start":{"line":168,"column":16},"end":{"line":181,"column":17}}]},"14":{"loc":{"start":{"line":165,"column":19},"end":{"line":165,"column":89}},"type":"cond-expr","locations":[{"start":{"line":165,"column":42},"end":{"line":165,"column":71}},{"start":{"line":165,"column":74},"end":{"line":165,"column":89}}]},"15":{"loc":{"start":{"line":186,"column":11},"end":{"line":186,"column":null}},"type":"binary-expr","locations":[{"start":{"line":186,"column":11},"end":{"line":186,"column":null}}]},"16":{"loc":{"start":{"line":192,"column":20},"end":{"line":194,"column":null}},"type":"cond-expr","locations":[{"start":{"line":193,"column":22},"end":{"line":193,"column":null}},{"start":{"line":194,"column":22},"end":{"line":194,"column":null}}]},"17":{"loc":{"start":{"line":197,"column":17},"end":{"line":197,"column":null}},"type":"cond-expr","locations":[{"start":{"line":197,"column":33},"end":{"line":197,"column":48}},{"start":{"line":197,"column":48},"end":{"line":197,"column":null}}]},"18":{"loc":{"start":{"line":202,"column":11},"end":{"line":202,"column":23}},"type":"binary-expr","locations":[{"start":{"line":202,"column":11},"end":{"line":202,"column":23}},{"start":{"line":202,"column":23},"end":{"line":202,"column":41}},{"start":{"line":202,"column":41},"end":{"line":202,"column":null}}]},"19":{"loc":{"start":{"line":208,"column":11},"end":{"line":208,"column":23}},"type":"binary-expr","locations":[{"start":{"line":208,"column":11},"end":{"line":208,"column":23}},{"start":{"line":208,"column":23},"end":{"line":208,"column":45}},{"start":{"line":208,"column":45},"end":{"line":208,"column":null}}]}},"s":{"0":4,"1":1,"2":1,"3":1,"4":1,"5":1,"6":1,"7":1,"8":9,"9":8,"10":8,"11":8,"12":8,"13":8,"14":8,"15":8,"16":8,"17":4,"18":4,"19":3,"20":0,"21":3,"22":3,"23":0,"24":0,"25":3,"26":1,"27":1,"28":8,"29":4,"30":4,"31":4,"32":0,"33":0,"34":8,"35":4,"36":4,"37":8,"38":4,"39":4,"40":4,"41":4,"42":4,"43":4,"44":0,"45":0,"46":4,"47":4,"48":8,"49":0,"50":0,"51":0,"52":0,"53":0,"54":0,"55":0,"56":0,"57":0,"58":0,"59":0,"60":0,"61":0,"62":0,"63":0,"64":0,"65":0,"66":0,"67":0,"68":8,"69":3,"70":1,"71":3,"72":0,"73":3,"74":3,"75":3,"76":3,"77":1,"78":1,"79":1,"80":0,"81":3,"82":8,"83":0,"84":0,"85":0,"86":0,"87":0,"88":0,"89":0,"90":0,"91":0,"92":0,"93":0,"94":1,"95":0,"96":0,"97":0,"98":0,"99":0,"100":0,"101":0,"102":0},"f":{"0":9,"1":4,"2":4,"3":4,"4":4,"5":4,"6":0,"7":0,"8":0,"9":3,"10":1,"11":0,"12":0,"13":0,"14":0,"15":0,"16":0,"17":0,"18":1,"19":0,"20":0,"21":0},"b":{"0":[0],"1":[0],"2":[4,3],"3":[0],"4":[0,0],"5":[0,0],"6":[0,0],"7":[0,0],"8":[1],"9":[0],"10":[8],"11":[8],"12":[5],"13":[1],"14":[1,0],"15":[3],"16":[0,1],"17":[0,1],"18":[3,2,2],"19":[3,3,2]}}
,"/Users/adriansiekierko/Documents/fireworldCOPY/src/components/NewsCard.tsx": {"path":"/Users/adriansiekierko/Documents/fireworldCOPY/src/components/NewsCard.tsx","statementMap":{"0":{"start":{"line":10,"column":24},"end":{"line":10,"column":33}},"1":{"start":{"line":3,"column":18},"end":{"line":3,"column":null}},"2":{"start":{"line":11,"column":2},"end":{"line":13,"column":null}},"3":{"start":{"line":12,"column":4},"end":{"line":12,"column":null}},"4":{"start":{"line":26,"column":16},"end":{"line":26,"column":null}}},"fnMap":{"0":{"name":"NewsCard","decl":{"start":{"line":10,"column":24},"end":{"line":10,"column":33}},"loc":{"start":{"line":10,"column":59},"end":{"line":53,"column":null}}},"1":{"name":"(anonymous_3)","decl":{"start":{"line":25,"column":23},"end":{"line":25,"column":24}},"loc":{"start":{"line":25,"column":24},"end":{"line":27,"column":null}}}},"branchMap":{"0":{"loc":{"start":{"line":11,"column":2},"end":{"line":13,"column":null}},"type":"if","locations":[{"start":{"line":11,"column":2},"end":{"line":13,"column":null}}]},"1":{"loc":{"start":{"line":18,"column":9},"end":{"line":30,"column":null}},"type":"cond-expr","locations":[{"start":{"line":19,"column":10},"end":{"line":30,"column":null}},{"start":{"line":30,"column":12},"end":{"line":30,"column":null}}]},"2":{"loc":{"start":{"line":22,"column":19},"end":{"line":22,"column":null}},"type":"binary-expr","locations":[{"start":{"line":22,"column":19},"end":{"line":22,"column":32}},{"start":{"line":22,"column":36},"end":{"line":22,"column":null}}]},"3":{"loc":{"start":{"line":38,"column":15},"end":{"line":38,"column":null}},"type":"cond-expr","locations":[{"start":{"line":38,"column":38},"end":{"line":38,"column":92}},{"start":{"line":38,"column":92},"end":{"line":38,"column":null}}]}},"s":{"0":3,"1":1,"2":3,"3":0,"4":0},"f":{"0":3,"1":0},"b":{"0":[0],"1":[2,1],"2":[2,0],"3":[3,0]}}
,"/Users/adriansiekierko/Documents/fireworldCOPY/src/components/PostCard.tsx": {"path":"/Users/adriansiekierko/Documents/fireworldCOPY/src/components/PostCard.tsx","statementMap":{"0":{"start":{"line":14,"column":24},"end":{"line":14,"column":33}},"1":{"start":{"line":3,"column":36},"end":{"line":3,"column":null}},"2":{"start":{"line":5,"column":57},"end":{"line":5,"column":null}},"3":{"start":{"line":6,"column":44},"end":{"line":6,"column":null}},"4":{"start":{"line":15,"column":28},"end":{"line":15,"column":null}},"5":{"start":{"line":16,"column":36},"end":{"line":16,"column":null}},"6":{"start":{"line":16,"column":74},"end":{"line":16,"column":93}},"7":{"start":{"line":17,"column":42},"end":{"line":17,"column":null}},"8":{"start":{"line":18,"column":48},"end":{"line":18,"column":null}},"9":{"start":{"line":19,"column":36},"end":{"line":19,"column":null}},"10":{"start":{"line":20,"column":40},"end":{"line":20,"column":null}},"11":{"start":{"line":21,"column":56},"end":{"line":21,"column":null}},"12":{"start":{"line":22,"column":38},"end":{"line":22,"column":null}},"13":{"start":{"line":23,"column":44},"end":{"line":23,"column":null}},"14":{"start":{"line":25,"column":2},"end":{"line":42,"column":null}},"15":{"start":{"line":26,"column":18},"end":{"line":26,"column":null}},"16":{"start":{"line":27,"column":4},"end":{"line":27,"column":null}},"17":{"start":{"line":29,"column":4},"end":{"line":36,"column":null}},"18":{"start":{"line":30,"column":6},"end":{"line":35,"column":null}},"19":{"start":{"line":31,"column":29},"end":{"line":31,"column":null}},"20":{"start":{"line":32,"column":8},"end":{"line":32,"column":null}},"21":{"start":{"line":34,"column":8},"end":{"line":34,"column":null}},"22":{"start":{"line":38,"column":22},"end":{"line":39,"column":null}},"23":{"start":{"line":39,"column":18},"end":{"line":39,"column":null}},"24":{"start":{"line":41,"column":4},"end":{"line":41,"column":null}},"25":{"start":{"line":44,"column":23},"end":{"line":84,"column":null}},"26":{"start":{"line":45,"column":4},"end":{"line":48,"column":null}},"27":{"start":{"line":46,"column":6},"end":{"line":46,"column":null}},"28":{"start":{"line":47,"column":6},"end":{"line":47,"column":null}},"29":{"start":{"line":50,"column":4},"end":{"line":50,"column":null}},"30":{"start":{"line":50,"column":20},"end":{"line":50,"column":null}},"31":{"start":{"line":52,"column":4},"end":{"line":54,"column":null}},"32":{"start":{"line":53,"column":6},"end":{"line":53,"column":null}},"33":{"start":{"line":56,"column":4},"end":{"line":56,"column":null}},"34":{"start":{"line":57,"column":4},"end":{"line":83,"column":null}},"35":{"start":{"line":58,"column":23},"end":{"line":65,"column":null}},"36":{"start":{"line":67,"column":6},"end":{"line":70,"column":null}},"37":{"start":{"line":68,"column":8},"end":{"line":68,"column":null}},"38":{"start":{"line":69,"column":8},"end":{"line":69,"column":null}},"39":{"start":{"line":72,"column":6},"end":{"line":75,"column":null}},"40":{"start":{"line":73,"column":21},"end":{"line":73,"column":null}},"41":{"start":{"line":74,"column":8},"end":{"line":74,"column":null}},"42":{"start":{"line":77,"column":6},"end":{"line":77,"column":null}},"43":{"start":{"line":79,"column":6},"end":{"line":79,"column":null}},"44":{"start":{"line":80,"column":6},"end":{"line":80,"column":null}},"45":{"start":{"line":82,"column":6},"end":{"line":82,"column":null}},"46":{"start":{"line":86,"column":21},"end":{"line":135,"column":null}},"47":{"start":{"line":87,"column":4},"end":{"line":90,"column":null}},"48":{"start":{"line":88,"column":6},"end":{"line":88,"column":null}},"49":{"start":{"line":89,"column":6},"end":{"line":89,"column":null}},"50":{"start":{"line":92,"column":4},"end":{"line":92,"column":null}},"51":{"start":{"line":92,"column":19},"end":{"line":92,"column":null}},"52":{"start":{"line":94,"column":4},"end":{"line":94,"column":null}},"53":{"start":{"line":95,"column":4},"end":{"line":134,"column":null}},"54":{"start":{"line":96,"column":6},"end":{"line":96,"column":null}},"55":{"start":{"line":97,"column":26},"end":{"line":100,"column":null}},"56":{"start":{"line":101,"column":6},"end":{"line":101,"column":null}},"57":{"start":{"line":103,"column":23},"end":{"line":110,"column":null}},"58":{"start":{"line":112,"column":6},"end":{"line":112,"column":null}},"59":{"start":{"line":113,"column":27},"end":{"line":113,"column":null}},"60":{"start":{"line":114,"column":6},"end":{"line":114,"column":null}},"61":{"start":{"line":116,"column":6},"end":{"line":118,"column":null}},"62":{"start":{"line":117,"column":8},"end":{"line":117,"column":null}},"63":{"start":{"line":120,"column":19},"end":{"line":120,"column":null}},"64":{"start":{"line":121,"column":6},"end":{"line":121,"column":null}},"65":{"start":{"line":123,"column":6},"end":{"line":129,"column":null}},"66":{"start":{"line":124,"column":8},"end":{"line":124,"column":null}},"67":{"start":{"line":125,"column":8},"end":{"line":125,"column":null}},"68":{"start":{"line":125,"column":29},"end":{"line":125,"column":null}},"69":{"start":{"line":127,"column":8},"end":{"line":127,"column":null}},"70":{"start":{"line":128,"column":8},"end":{"line":128,"column":null}},"71":{"start":{"line":128,"column":29},"end":{"line":128,"column":null}},"72":{"start":{"line":131,"column":6},"end":{"line":131,"column":null}},"73":{"start":{"line":133,"column":6},"end":{"line":133,"column":null}},"74":{"start":{"line":137,"column":29},"end":{"line":143,"column":null}},"75":{"start":{"line":138,"column":4},"end":{"line":141,"column":null}},"76":{"start":{"line":139,"column":6},"end":{"line":139,"column":null}},"77":{"start":{"line":140,"column":6},"end":{"line":140,"column":null}},"78":{"start":{"line":142,"column":4},"end":{"line":142,"column":null}},"79":{"start":{"line":145,"column":30},"end":{"line":178,"column":null}},"80":{"start":{"line":146,"column":4},"end":{"line":146,"column":null}},"81":{"start":{"line":147,"column":4},"end":{"line":147,"column":null}},"82":{"start":{"line":147,"column":72},"end":{"line":147,"column":null}},"83":{"start":{"line":149,"column":4},"end":{"line":149,"column":null}},"84":{"start":{"line":150,"column":4},"end":{"line":177,"column":null}},"85":{"start":{"line":151,"column":23},"end":{"line":162,"column":null}},"86":{"start":{"line":164,"column":6},"end":{"line":166,"column":null}},"87":{"start":{"line":165,"column":8},"end":{"line":165,"column":null}},"88":{"start":{"line":168,"column":19},"end":{"line":168,"column":null}},"89":{"start":{"line":169,"column":6},"end":{"line":169,"column":null}},"90":{"start":{"line":171,"column":6},"end":{"line":171,"column":null}},"91":{"start":{"line":172,"column":6},"end":{"line":172,"column":null}},"92":{"start":{"line":174,"column":6},"end":{"line":174,"column":null}},"93":{"start":{"line":176,"column":6},"end":{"line":176,"column":null}},"94":{"start":{"line":192,"column":20},"end":{"line":192,"column":null}},"95":{"start":{"line":250,"column":46},"end":{"line":250,"column":68}},"96":{"start":{"line":265,"column":22},"end":{"line":265,"column":null}},"97":{"start":{"line":272,"column":37},"end":{"line":272,"column":null}},"98":{"start":{"line":292,"column":28},"end":{"line":292,"column":null}},"99":{"start":{"line":294,"column":16},"end":{"line":294,"column":null}},"100":{"start":{"line":295,"column":16},"end":{"line":296,"column":35}},"101":{"start":{"line":303,"column":26},"end":{"line":303,"column":null}}},"fnMap":{"0":{"name":"PostCard","decl":{"start":{"line":14,"column":24},"end":{"line":14,"column":33}},"loc":{"start":{"line":14,"column":86},"end":{"line":330,"column":null}}},"1":{"name":"(anonymous_2)","decl":{"start":{"line":16,"column":69},"end":{"line":16,"column":74}},"loc":{"start":{"line":16,"column":74},"end":{"line":16,"column":93}}},"2":{"name":"(anonymous_3)","decl":{"start":{"line":25,"column":12},"end":{"line":25,"column":null}},"loc":{"start":{"line":25,"column":12},"end":{"line":42,"column":5}}},"3":{"name":"(anonymous_4)","decl":{"start":{"line":39,"column":6},"end":{"line":39,"column":18}},"loc":{"start":{"line":39,"column":18},"end":{"line":39,"column":null}}},"4":{"name":"(anonymous_5)","decl":{"start":{"line":44,"column":23},"end":{"line":44,"column":null}},"loc":{"start":{"line":44,"column":23},"end":{"line":84,"column":null}}},"5":{"name":"(anonymous_6)","decl":{"start":{"line":86,"column":21},"end":{"line":86,"column":null}},"loc":{"start":{"line":86,"column":21},"end":{"line":135,"column":null}}},"6":{"name":"(anonymous_7)","decl":{"start":{"line":125,"column":21},"end":{"line":125,"column":29}},"loc":{"start":{"line":125,"column":29},"end":{"line":125,"column":null}}},"7":{"name":"(anonymous_8)","decl":{"start":{"line":128,"column":21},"end":{"line":128,"column":29}},"loc":{"start":{"line":128,"column":29},"end":{"line":128,"column":null}}},"8":{"name":"(anonymous_9)","decl":{"start":{"line":137,"column":29},"end":{"line":137,"column":null}},"loc":{"start":{"line":137,"column":29},"end":{"line":143,"column":null}}},"9":{"name":"(anonymous_10)","decl":{"start":{"line":145,"column":30},"end":{"line":145,"column":37}},"loc":{"start":{"line":145,"column":37},"end":{"line":178,"column":null}}},"10":{"name":"(anonymous_11)","decl":{"start":{"line":191,"column":27},"end":{"line":191,"column":28}},"loc":{"start":{"line":191,"column":28},"end":{"line":193,"column":null}}},"11":{"name":"(anonymous_12)","decl":{"start":{"line":250,"column":41},"end":{"line":250,"column":46}},"loc":{"start":{"line":250,"column":46},"end":{"line":250,"column":68}}},"12":{"name":"(anonymous_13)","decl":{"start":{"line":264,"column":29},"end":{"line":264,"column":30}},"loc":{"start":{"line":264,"column":30},"end":{"line":266,"column":null}}},"13":{"name":"(anonymous_14)","decl":{"start":{"line":272,"column":30},"end":{"line":272,"column":31}},"loc":{"start":{"line":272,"column":37},"end":{"line":272,"column":null}}},"14":{"name":"(anonymous_15)","decl":{"start":{"line":292,"column":23},"end":{"line":292,"column":28}},"loc":{"start":{"line":292,"column":28},"end":{"line":292,"column":null}}},"15":{"name":"(anonymous_16)","decl":{"start":{"line":293,"column":19},"end":{"line":293,"column":20}},"loc":{"start":{"line":293,"column":29},"end":{"line":324,"column":null}}},"16":{"name":"(anonymous_17)","decl":{"start":{"line":302,"column":33},"end":{"line":302,"column":34}},"loc":{"start":{"line":302,"column":34},"end":{"line":304,"column":null}}}},"branchMap":{"0":{"loc":{"start":{"line":16,"column":45},"end":{"line":16,"column":null}},"type":"binary-expr","locations":[{"start":{"line":16,"column":45},"end":{"line":16,"column":103}},{"start":{"line":16,"column":103},"end":{"line":16,"column":null}}]},"1":{"loc":{"start":{"line":29,"column":4},"end":{"line":36,"column":null}},"type":"if","locations":[{"start":{"line":29,"column":4},"end":{"line":36,"column":null}}]},"2":{"loc":{"start":{"line":39,"column":18},"end":{"line":39,"column":null}},"type":"binary-expr","locations":[{"start":{"line":39,"column":18},"end":{"line":39,"column":46}},{"start":{"line":39,"column":46},"end":{"line":39,"column":null}}]},"3":{"loc":{"start":{"line":45,"column":4},"end":{"line":48,"column":null}},"type":"if","locations":[{"start":{"line":45,"column":4},"end":{"line":48,"column":null}}]},"4":{"loc":{"start":{"line":45,"column":8},"end":{"line":45,"column":44}},"type":"binary-expr","locations":[{"start":{"line":45,"column":8},"end":{"line":45,"column":28}},{"start":{"line":45,"column":28},"end":{"line":45,"column":44}}]},"5":{"loc":{"start":{"line":50,"column":4},"end":{"line":50,"column":null}},"type":"if","locations":[{"start":{"line":50,"column":4},"end":{"line":50,"column":null}}]},"6":{"loc":{"start":{"line":52,"column":4},"end":{"line":54,"column":null}},"type":"if","locations":[{"start":{"line":52,"column":4},"end":{"line":54,"column":null}}]},"7":{"loc":{"start":{"line":67,"column":6},"end":{"line":70,"column":null}},"type":"if","locations":[{"start":{"line":67,"column":6},"end":{"line":70,"column":null}}]},"8":{"loc":{"start":{"line":72,"column":6},"end":{"line":75,"column":null}},"type":"if","locations":[{"start":{"line":72,"column":6},"end":{"line":75,"column":null}}]},"9":{"loc":{"start":{"line":74,"column":24},"end":{"line":74,"column":null}},"type":"binary-expr","locations":[{"start":{"line":74,"column":24},"end":{"line":74,"column":34}},{"start":{"line":74,"column":38},"end":{"line":74,"column":null}}]},"10":{"loc":{"start":{"line":80,"column":12},"end":{"line":80,"column":null}},"type":"cond-expr","locations":[{"start":{"line":80,"column":37},"end":{"line":80,"column":50}},{"start":{"line":80,"column":53},"end":{"line":80,"column":null}}]},"11":{"loc":{"start":{"line":87,"column":4},"end":{"line":90,"column":null}},"type":"if","locations":[{"start":{"line":87,"column":4},"end":{"line":90,"column":null}}]},"12":{"loc":{"start":{"line":92,"column":4},"end":{"line":92,"column":null}},"type":"if","locations":[{"start":{"line":92,"column":4},"end":{"line":92,"column":null}}]},"13":{"loc":{"start":{"line":116,"column":6},"end":{"line":118,"column":null}},"type":"if","locations":[{"start":{"line":116,"column":6},"end":{"line":118,"column":null}}]},"14":{"loc":{"start":{"line":123,"column":6},"end":{"line":129,"column":null}},"type":"if","locations":[{"start":{"line":123,"column":6},"end":{"line":129,"column":null}},{"start":{"line":126,"column":13},"end":{"line":129,"column":null}}]},"15":{"loc":{"start":{"line":138,"column":4},"end":{"line":141,"column":null}},"type":"if","locations":[{"start":{"line":138,"column":4},"end":{"line":141,"column":null}}]},"16":{"loc":{"start":{"line":147,"column":4},"end":{"line":147,"column":null}},"type":"if","locations":[{"start":{"line":147,"column":4},"end":{"line":147,"column":null}}]},"17":{"loc":{"start":{"line":147,"column":8},"end":{"line":147,"column":72}},"type":"binary-expr","locations":[{"start":{"line":147,"column":8},"end":{"line":147,"column":31}},{"start":{"line":147,"column":31},"end":{"line":147,"column":51}},{"start":{"line":147,"column":51},"end":{"line":147,"column":72}}]},"18":{"loc":{"start":{"line":164,"column":6},"end":{"line":166,"column":null}},"type":"if","locations":[{"start":{"line":164,"column":6},"end":{"line":166,"column":null}}]},"19":{"loc":{"start":{"line":184,"column":11},"end":{"line":184,"column":21}},"type":"binary-expr","locations":[{"start":{"line":184,"column":11},"end":{"line":184,"column":21}}]},"20":{"loc":{"start":{"line":188,"column":23},"end":{"line":188,"column":null}},"type":"binary-expr","locations":[{"start":{"line":188,"column":23},"end":{"line":188,"column":47}},{"start":{"line":188,"column":47},"end":{"line":188,"column":null}}]},"21":{"loc":{"start":{"line":189,"column":23},"end":{"line":189,"column":null}},"type":"binary-expr","locations":[{"start":{"line":189,"column":23},"end":{"line":189,"column":43}},{"start":{"line":189,"column":43},"end":{"line":189,"column":null}}]},"22":{"loc":{"start":{"line":215,"column":12},"end":{"line":215,"column":null}},"type":"cond-expr","locations":[{"start":{"line":215,"column":25},"end":{"line":215,"column":59}},{"start":{"line":215,"column":59},"end":{"line":215,"column":null}}]},"23":{"loc":{"start":{"line":217,"column":17},"end":{"line":217,"column":null}},"type":"cond-expr","locations":[{"start":{"line":217,"column":50},"end":{"line":217,"column":66}},{"start":{"line":217,"column":66},"end":{"line":217,"column":null}}]},"24":{"loc":{"start":{"line":230,"column":12},"end":{"line":232,"column":null}},"type":"cond-expr","locations":[{"start":{"line":231,"column":16},"end":{"line":231,"column":null}},{"start":{"line":232,"column":16},"end":{"line":232,"column":null}}]},"25":{"loc":{"start":{"line":233,"column":14},"end":{"line":233,"column":64}},"type":"cond-expr","locations":[{"start":{"line":233,"column":26},"end":{"line":233,"column":60}},{"start":{"line":233,"column":60},"end":{"line":233,"column":64}}]},"26":{"loc":{"start":{"line":234,"column":17},"end":{"line":234,"column":null}},"type":"cond-expr","locations":[{"start":{"line":234,"column":36},"end":{"line":234,"column":54}},{"start":{"line":234,"column":54},"end":{"line":234,"column":null}}]},"27":{"loc":{"start":{"line":237,"column":12},"end":{"line":239,"column":13}},"type":"cond-expr","locations":[{"start":{"line":237,"column":12},"end":{"line":239,"column":13}}]},"28":{"loc":{"start":{"line":247,"column":17},"end":{"line":247,"column":null}},"type":"cond-expr","locations":[{"start":{"line":247,"column":36},"end":{"line":247,"column":57}},{"start":{"line":247,"column":57},"end":{"line":247,"column":null}}]},"29":{"loc":{"start":{"line":250,"column":17},"end":{"line":250,"column":null}},"type":"binary-expr","locations":[{"start":{"line":250,"column":17},"end":{"line":250,"column":78}},{"start":{"line":250,"column":78},"end":{"line":250,"column":null}}]},"30":{"loc":{"start":{"line":254,"column":7},"end":{"line":254,"column":null}},"type":"binary-expr","locations":[{"start":{"line":254,"column":7},"end":{"line":254,"column":null}}]},"31":{"loc":{"start":{"line":256,"column":11},"end":{"line":256,"column":null}},"type":"binary-expr","locations":[{"start":{"line":256,"column":11},"end":{"line":256,"column":null}}]},"32":{"loc":{"start":{"line":261,"column":25},"end":{"line":261,"column":null}},"type":"binary-expr","locations":[{"start":{"line":261,"column":25},"end":{"line":261,"column":104}},{"start":{"line":261,"column":108},"end":{"line":261,"column":null}}]},"33":{"loc":{"start":{"line":261,"column":41},"end":{"line":261,"column":96}},"type":"binary-expr","locations":[{"start":{"line":261,"column":41},"end":{"line":261,"column":85}},{"start":{"line":261,"column":89},"end":{"line":261,"column":96}}]},"34":{"loc":{"start":{"line":280,"column":30},"end":{"line":280,"column":null}},"type":"binary-expr","locations":[{"start":{"line":280,"column":30},"end":{"line":280,"column":53}},{"start":{"line":280,"column":53},"end":{"line":280,"column":null}}]},"35":{"loc":{"start":{"line":283,"column":21},"end":{"line":283,"column":null}},"type":"cond-expr","locations":[{"start":{"line":283,"column":43},"end":{"line":283,"column":58}},{"start":{"line":283,"column":58},"end":{"line":283,"column":null}}]},"36":{"loc":{"start":{"line":299,"column":29},"end":{"line":299,"column":null}},"type":"binary-expr","locations":[{"start":{"line":299,"column":29},"end":{"line":299,"column":56}},{"start":{"line":299,"column":56},"end":{"line":299,"column":null}}]},"37":{"loc":{"start":{"line":300,"column":29},"end":{"line":300,"column":null}},"type":"binary-expr","locations":[{"start":{"line":300,"column":29},"end":{"line":300,"column":52}},{"start":{"line":300,"column":52},"end":{"line":300,"column":null}}]},"38":{"loc":{"start":{"line":311,"column":27},"end":{"line":317,"column":null}},"type":"cond-expr","locations":[{"start":{"line":311,"column":48},"end":{"line":317,"column":31}},{"start":{"line":317,"column":31},"end":{"line":317,"column":null}}]}},"s":{"0":6,"1":1,"2":1,"3":1,"4":12,"5":12,"6":0,"7":12,"8":12,"9":12,"10":12,"11":12,"12":12,"13":12,"14":12,"15":6,"16":6,"17":6,"18":3,"19":3,"20":0,"21":3,"22":6,"23":0,"24":6,"25":12,"26":0,"27":0,"28":0,"29":0,"30":0,"31":0,"32":0,"33":0,"34":0,"35":0,"36":0,"37":0,"38":0,"39":0,"40":0,"41":0,"42":0,"43":0,"44":0,"45":0,"46":12,"47":2,"48":0,"49":0,"50":2,"51":0,"52":2,"53":2,"54":2,"55":2,"56":2,"57":2,"58":2,"59":2,"60":2,"61":2,"62":0,"63":2,"64":2,"65":2,"66":0,"67":0,"68":0,"69":2,"70":2,"71":1,"72":0,"73":2,"74":12,"75":0,"76":0,"77":0,"78":0,"79":12,"80":0,"81":0,"82":0,"83":0,"84":0,"85":0,"86":0,"87":0,"88":0,"89":0,"90":0,"91":0,"92":0,"93":0,"94":0,"95":0,"96":0,"97":0,"98":0,"99":0,"100":0,"101":0},"f":{"0":12,"1":0,"2":6,"3":0,"4":0,"5":2,"6":0,"7":1,"8":0,"9":0,"10":0,"11":0,"12":0,"13":0,"14":0,"15":0,"16":0},"b":{"0":[12,12],"1":[3],"2":[0,0],"3":[0],"4":[0,0],"5":[0],"6":[0],"7":[0],"8":[0],"9":[0,0],"10":[0,0],"11":[0],"12":[0],"13":[0],"14":[0,2],"15":[0],"16":[0],"17":[0,0,0],"18":[0],"19":[12],"20":[12,0],"21":[12,0],"22":[0,12],"23":[0,12],"24":[1,11],"25":[2,10],"26":[6,6],"27":[1],"28":[6,6],"29":[12,12],"30":[12],"31":[0],"32":[0,0],"33":[0,0],"34":[0,0],"35":[0,0],"36":[0,0],"37":[0,0],"38":[0,0]}}
,"/Users/adriansiekierko/Documents/fireworldCOPY/src/components/RightSidebar.tsx": {"path":"/Users/adriansiekierko/Documents/fireworldCOPY/src/components/RightSidebar.tsx","statementMap":{"0":{"start":{"line":8,"column":24},"end":{"line":8,"column":null}},"1":{"start":{"line":3,"column":36},"end":{"line":3,"column":null}},"2":{"start":{"line":4,"column":29},"end":{"line":4,"column":null}},"3":{"start":{"line":5,"column":26},"end":{"line":5,"column":null}},"4":{"start":{"line":6,"column":51},"end":{"line":6,"column":null}},"5":{"start":{"line":9,"column":30},"end":{"line":9,"column":null}},"6":{"start":{"line":10,"column":32},"end":{"line":10,"column":null}},"7":{"start":{"line":11,"column":34},"end":{"line":11,"column":null}},"8":{"start":{"line":13,"column":2},"end":{"line":25,"column":null}},"9":{"start":{"line":14,"column":4},"end":{"line":14,"column":null}},"10":{"start":{"line":16,"column":24},"end":{"line":18,"column":null}},"11":{"start":{"line":17,"column":6},"end":{"line":17,"column":null}},"12":{"start":{"line":20,"column":4},"end":{"line":20,"column":null}},"13":{"start":{"line":22,"column":4},"end":{"line":22,"column":null}},"14":{"start":{"line":24,"column":4},"end":{"line":24,"column":null}},"15":{"start":{"line":24,"column":17},"end":{"line":24,"column":null}},"16":{"start":{"line":27,"column":2},"end":{"line":29,"column":null}},"17":{"start":{"line":28,"column":4},"end":{"line":28,"column":null}},"18":{"start":{"line":31,"column":23},"end":{"line":84,"column":null}},"19":{"start":{"line":32,"column":4},"end":{"line":32,"column":null}},"20":{"start":{"line":32,"column":41},"end":{"line":32,"column":null}},"21":{"start":{"line":34,"column":4},"end":{"line":82,"column":null}},"22":{"start":{"line":46,"column":12},"end":{"line":46,"column":null}},"23":{"start":{"line":47,"column":12},"end":{"line":47,"column":null}},"24":{"start":{"line":47,"column":30},"end":{"line":47,"column":null}},"25":{"start":{"line":65,"column":12},"end":{"line":65,"column":null}},"26":{"start":{"line":66,"column":12},"end":{"line":66,"column":null}},"27":{"start":{"line":69,"column":12},"end":{"line":69,"column":null}},"28":{"start":{"line":70,"column":12},"end":{"line":70,"column":null}},"29":{"start":{"line":73,"column":12},"end":{"line":73,"column":null}},"30":{"start":{"line":76,"column":12},"end":{"line":76,"column":null}},"31":{"start":{"line":86,"column":22},"end":{"line":167,"column":null}},"32":{"start":{"line":87,"column":4},"end":{"line":87,"column":null}},"33":{"start":{"line":87,"column":42},"end":{"line":87,"column":null}},"34":{"start":{"line":89,"column":4},"end":{"line":165,"column":null}},"35":{"start":{"line":108,"column":25},"end":{"line":108,"column":null}},"36":{"start":{"line":136,"column":29},"end":{"line":136,"column":null}},"37":{"start":{"line":146,"column":34},"end":{"line":146,"column":null}},"38":{"start":{"line":147,"column":33},"end":{"line":147,"column":null}}},"fnMap":{"0":{"name":"RightSidebar","decl":{"start":{"line":8,"column":24},"end":{"line":8,"column":null}},"loc":{"start":{"line":8,"column":24},"end":{"line":185,"column":null}}},"1":{"name":"(anonymous_3)","decl":{"start":{"line":13,"column":12},"end":{"line":13,"column":null}},"loc":{"start":{"line":13,"column":12},"end":{"line":25,"column":5}}},"2":{"name":"(anonymous_4)","decl":{"start":{"line":16,"column":24},"end":{"line":16,"column":null}},"loc":{"start":{"line":16,"column":24},"end":{"line":18,"column":null}}},"3":{"name":"(anonymous_5)","decl":{"start":{"line":24,"column":11},"end":{"line":24,"column":17}},"loc":{"start":{"line":24,"column":17},"end":{"line":24,"column":null}}},"4":{"name":"(anonymous_6)","decl":{"start":{"line":27,"column":12},"end":{"line":27,"column":null}},"loc":{"start":{"line":27,"column":12},"end":{"line":29,"column":5}}},"5":{"name":"(anonymous_7)","decl":{"start":{"line":31,"column":23},"end":{"line":31,"column":null}},"loc":{"start":{"line":31,"column":23},"end":{"line":84,"column":null}}},"6":{"name":"(anonymous_8)","decl":{"start":{"line":45,"column":19},"end":{"line":45,"column":null}},"loc":{"start":{"line":45,"column":19},"end":{"line":48,"column":null}}},"7":{"name":"(anonymous_9)","decl":{"start":{"line":47,"column":22},"end":{"line":47,"column":30}},"loc":{"start":{"line":47,"column":30},"end":{"line":47,"column":null}}},"8":{"name":"(anonymous_10)","decl":{"start":{"line":64,"column":23},"end":{"line":64,"column":24}},"loc":{"start":{"line":64,"column":24},"end":{"line":67,"column":null}}},"9":{"name":"(anonymous_11)","decl":{"start":{"line":68,"column":22},"end":{"line":68,"column":23}},"loc":{"start":{"line":68,"column":23},"end":{"line":71,"column":null}}},"10":{"name":"(anonymous_12)","decl":{"start":{"line":72,"column":23},"end":{"line":72,"column":24}},"loc":{"start":{"line":72,"column":24},"end":{"line":74,"column":null}}},"11":{"name":"(anonymous_13)","decl":{"start":{"line":75,"column":21},"end":{"line":75,"column":22}},"loc":{"start":{"line":75,"column":22},"end":{"line":77,"column":null}}},"12":{"name":"(anonymous_14)","decl":{"start":{"line":86,"column":22},"end":{"line":86,"column":null}},"loc":{"start":{"line":86,"column":22},"end":{"line":167,"column":null}}},"13":{"name":"(anonymous_15)","decl":{"start":{"line":108,"column":19},"end":{"line":108,"column":25}},"loc":{"start":{"line":108,"column":25},"end":{"line":108,"column":null}}},"14":{"name":"(anonymous_16)","decl":{"start":{"line":136,"column":23},"end":{"line":136,"column":29}},"loc":{"start":{"line":136,"column":29},"end":{"line":136,"column":null}}},"15":{"name":"(anonymous_17)","decl":{"start":{"line":146,"column":27},"end":{"line":146,"column":28}},"loc":{"start":{"line":146,"column":34},"end":{"line":146,"column":null}}},"16":{"name":"(anonymous_18)","decl":{"start":{"line":147,"column":26},"end":{"line":147,"column":27}},"loc":{"start":{"line":147,"column":33},"end":{"line":147,"column":null}}}},"branchMap":{"0":{"loc":{"start":{"line":32,"column":4},"end":{"line":32,"column":null}},"type":"if","locations":[{"start":{"line":32,"column":4},"end":{"line":32,"column":null}}]},"1":{"loc":{"start":{"line":32,"column":8},"end":{"line":32,"column":41}},"type":"binary-expr","locations":[{"start":{"line":32,"column":8},"end":{"line":32,"column":20}},{"start":{"line":32,"column":20},"end":{"line":32,"column":33}},{"start":{"line":32,"column":33},"end":{"line":32,"column":41}}]},"2":{"loc":{"start":{"line":87,"column":4},"end":{"line":87,"column":null}},"type":"if","locations":[{"start":{"line":87,"column":4},"end":{"line":87,"column":null}}]},"3":{"loc":{"start":{"line":87,"column":8},"end":{"line":87,"column":42}},"type":"binary-expr","locations":[{"start":{"line":87,"column":8},"end":{"line":87,"column":20}},{"start":{"line":87,"column":20},"end":{"line":87,"column":33}},{"start":{"line":87,"column":33},"end":{"line":87,"column":42}}]},"4":{"loc":{"start":{"line":105,"column":21},"end":{"line":105,"column":null}},"type":"cond-expr","locations":[{"start":{"line":105,"column":30},"end":{"line":105,"column":34}},{"start":{"line":105,"column":34},"end":{"line":105,"column":null}}]},"5":{"loc":{"start":{"line":123,"column":23},"end":{"line":123,"column":null}},"type":"cond-expr","locations":[{"start":{"line":123,"column":32},"end":{"line":123,"column":50}},{"start":{"line":123,"column":50},"end":{"line":123,"column":null}}]}},"s":{"0":2,"1":1,"2":1,"3":1,"4":1,"5":4,"6":4,"7":4,"8":4,"9":2,"10":2,"11":2,"12":2,"13":2,"14":2,"15":2,"16":4,"17":2,"18":4,"19":4,"20":3,"21":1,"22":0,"23":0,"24":0,"25":0,"26":0,"27":0,"28":0,"29":0,"30":0,"31":4,"32":4,"33":4,"34":0,"35":0,"36":0,"37":0,"38":0},"f":{"0":4,"1":2,"2":2,"3":2,"4":2,"5":4,"6":0,"7":0,"8":0,"9":0,"10":0,"11":0,"12":4,"13":0,"14":0,"15":0,"16":0},"b":{"0":[3],"1":[4,2,1],"2":[4],"3":[4,2,1],"4":[0,0],"5":[0,0]}}
,"/Users/adriansiekierko/Documents/fireworldCOPY/src/components/Sidebar.tsx": {"path":"/Users/adriansiekierko/Documents/fireworldCOPY/src/components/Sidebar.tsx","statementMap":{"0":{"start":{"line":16,"column":24},"end":{"line":16,"column":null}},"1":{"start":{"line":3,"column":36},"end":{"line":3,"column":null}},"2":{"start":{"line":4,"column":18},"end":{"line":4,"column":null}},"3":{"start":{"line":5,"column":17},"end":{"line":5,"column":null}},"4":{"start":{"line":6,"column":39},"end":{"line":6,"column":null}},"5":{"start":{"line":14,"column":7},"end":{"line":14,"column":null}},"6":{"start":{"line":17,"column":17},"end":{"line":17,"column":null}},"7":{"start":{"line":18,"column":19},"end":{"line":18,"column":null}},"8":{"start":{"line":19,"column":26},"end":{"line":19,"column":null}},"9":{"start":{"line":20,"column":50},"end":{"line":20,"column":null}},"10":{"start":{"line":22,"column":2},"end":{"line":49,"column":null}},"11":{"start":{"line":23,"column":18},"end":{"line":23,"column":null}},"12":{"start":{"line":24,"column":4},"end":{"line":27,"column":null}},"13":{"start":{"line":25,"column":6},"end":{"line":25,"column":null}},"14":{"start":{"line":26,"column":6},"end":{"line":26,"column":null}},"15":{"start":{"line":29,"column":22},"end":{"line":46,"column":null}},"16":{"start":{"line":30,"column":6},"end":{"line":45,"column":null}},"17":{"start":{"line":31,"column":25},"end":{"line":35,"column":null}},"18":{"start":{"line":36,"column":8},"end":{"line":42,"column":null}},"19":{"start":{"line":37,"column":27},"end":{"line":37,"column":null}},"20":{"start":{"line":38,"column":10},"end":{"line":38,"column":null}},"21":{"start":{"line":40,"column":10},"end":{"line":40,"column":null}},"22":{"start":{"line":41,"column":10},"end":{"line":41,"column":null}},"23":{"start":{"line":44,"column":8},"end":{"line":44,"column":null}},"24":{"start":{"line":48,"column":4},"end":{"line":48,"column":null}},"25":{"start":{"line":51,"column":2},"end":{"line":53,"column":null}},"26":{"start":{"line":52,"column":4},"end":{"line":52,"column":null}},"27":{"start":{"line":55,"column":23},"end":{"line":58,"column":null}},"28":{"start":{"line":56,"column":4},"end":{"line":56,"column":null}},"29":{"start":{"line":57,"column":4},"end":{"line":57,"column":null}},"30":{"start":{"line":154,"column":27},"end":{"line":154,"column":null}}},"fnMap":{"0":{"name":"Sidebar","decl":{"start":{"line":16,"column":24},"end":{"line":16,"column":null}},"loc":{"start":{"line":16,"column":24},"end":{"line":205,"column":null}}},"1":{"name":"(anonymous_3)","decl":{"start":{"line":22,"column":12},"end":{"line":22,"column":null}},"loc":{"start":{"line":22,"column":12},"end":{"line":49,"column":5}}},"2":{"name":"(anonymous_4)","decl":{"start":{"line":29,"column":22},"end":{"line":29,"column":null}},"loc":{"start":{"line":29,"column":22},"end":{"line":46,"column":null}}},"3":{"name":"(anonymous_5)","decl":{"start":{"line":51,"column":12},"end":{"line":51,"column":null}},"loc":{"start":{"line":51,"column":12},"end":{"line":53,"column":5}}},"4":{"name":"(anonymous_6)","decl":{"start":{"line":55,"column":23},"end":{"line":55,"column":null}},"loc":{"start":{"line":55,"column":23},"end":{"line":58,"column":null}}},"5":{"name":"(anonymous_9)","decl":{"start":{"line":154,"column":21},"end":{"line":154,"column":27}},"loc":{"start":{"line":154,"column":27},"end":{"line":154,"column":null}}}},"branchMap":{"0":{"loc":{"start":{"line":24,"column":4},"end":{"line":27,"column":null}},"type":"if","locations":[{"start":{"line":24,"column":4},"end":{"line":27,"column":null}}]},"1":{"loc":{"start":{"line":36,"column":8},"end":{"line":42,"column":null}},"type":"if","locations":[{"start":{"line":36,"column":8},"end":{"line":42,"column":null}},{"start":{"line":39,"column":15},"end":{"line":42,"column":null}}]},"2":{"loc":{"start":{"line":66,"column":12},"end":{"line":66,"column":null}},"type":"cond-expr","locations":[{"start":{"line":66,"column":31},"end":{"line":66,"column":62}},{"start":{"line":66,"column":62},"end":{"line":66,"column":null}}]},"3":{"loc":{"start":{"line":77,"column":12},"end":{"line":77,"column":null}},"type":"cond-expr","locations":[{"start":{"line":77,"column":38},"end":{"line":77,"column":69}},{"start":{"line":77,"column":69},"end":{"line":77,"column":null}}]},"4":{"loc":{"start":{"line":88,"column":12},"end":{"line":88,"column":null}},"type":"cond-expr","locations":[{"start":{"line":88,"column":39},"end":{"line":88,"column":70}},{"start":{"line":88,"column":70},"end":{"line":88,"column":null}}]},"5":{"loc":{"start":{"line":100,"column":7},"end":{"line":100,"column":null}},"type":"binary-expr","locations":[{"start":{"line":100,"column":7},"end":{"line":100,"column":null}}]},"6":{"loc":{"start":{"line":107,"column":14},"end":{"line":115,"column":15}},"type":"cond-expr","locations":[{"start":{"line":107,"column":14},"end":{"line":115,"column":15}}]},"7":{"loc":{"start":{"line":109,"column":21},"end":{"line":109,"column":null}},"type":"binary-expr","locations":[{"start":{"line":109,"column":21},"end":{"line":109,"column":30}},{"start":{"line":109,"column":34},"end":{"line":109,"column":null}}]},"8":{"loc":{"start":{"line":158,"column":14},"end":{"line":160,"column":15}},"type":"cond-expr","locations":[{"start":{"line":158,"column":14},"end":{"line":160,"column":15}}]},"9":{"loc":{"start":{"line":165,"column":9},"end":{"line":165,"column":null}},"type":"binary-expr","locations":[{"start":{"line":165,"column":9},"end":{"line":165,"column":null}}]}},"s":{"0":0,"1":0,"2":0,"3":0,"4":0,"5":0,"6":0,"7":0,"8":0,"9":0,"10":0,"11":0,"12":0,"13":0,"14":0,"15":0,"16":0,"17":0,"18":0,"19":0,"20":0,"21":0,"22":0,"23":0,"24":0,"25":0,"26":0,"27":0,"28":0,"29":0,"30":0},"f":{"0":0,"1":0,"2":0,"3":0,"4":0,"5":0},"b":{"0":[0],"1":[0,0],"2":[0,0],"3":[0,0],"4":[0,0],"5":[0],"6":[0],"7":[0,0],"8":[0],"9":[0]}}
,"/Users/adriansiekierko/Documents/fireworldCOPY/src/components/Comments/AddComment.tsx": {"path":"/Users/adriansiekierko/Documents/fireworldCOPY/src/components/Comments/AddComment.tsx","statementMap":{"0":{"start":{"line":72,"column":0},"end":{"line":72,"column":15}},"1":{"start":{"line":1,"column":32},"end":{"line":1,"column":null}},"2":{"start":{"line":9,"column":46},"end":{"line":70,"column":null}},"3":{"start":{"line":14,"column":32},"end":{"line":14,"column":null}},"4":{"start":{"line":15,"column":42},"end":{"line":15,"column":null}},"5":{"start":{"line":17,"column":23},"end":{"line":47,"column":null}},"6":{"start":{"line":18,"column":4},"end":{"line":18,"column":null}},"7":{"start":{"line":20,"column":4},"end":{"line":20,"column":null}},"8":{"start":{"line":20,"column":25},"end":{"line":20,"column":null}},"9":{"start":{"line":22,"column":4},"end":{"line":22,"column":null}},"10":{"start":{"line":23,"column":4},"end":{"line":46,"column":null}},"11":{"start":{"line":24,"column":23},"end":{"line":34,"column":null}},"12":{"start":{"line":36,"column":6},"end":{"line":38,"column":null}},"13":{"start":{"line":37,"column":8},"end":{"line":37,"column":null}},"14":{"start":{"line":40,"column":6},"end":{"line":40,"column":null}},"15":{"start":{"line":41,"column":6},"end":{"line":41,"column":null}},"16":{"start":{"line":43,"column":6},"end":{"line":43,"column":null}},"17":{"start":{"line":45,"column":6},"end":{"line":45,"column":null}},"18":{"start":{"line":54,"column":27},"end":{"line":54,"column":null}},"19":{"start":{"line":72,"column":15},"end":{"line":72,"column":null}}},"fnMap":{"0":{"name":"(anonymous_4)","decl":{"start":{"line":9,"column":46},"end":{"line":9,"column":47}},"loc":{"start":{"line":13,"column":1},"end":{"line":70,"column":null}}},"1":{"name":"(anonymous_5)","decl":{"start":{"line":17,"column":23},"end":{"line":17,"column":30}},"loc":{"start":{"line":17,"column":30},"end":{"line":47,"column":null}}},"2":{"name":"(anonymous_6)","decl":{"start":{"line":54,"column":20},"end":{"line":54,"column":21}},"loc":{"start":{"line":54,"column":27},"end":{"line":54,"column":null}}}},"branchMap":{"0":{"loc":{"start":{"line":20,"column":4},"end":{"line":20,"column":null}},"type":"if","locations":[{"start":{"line":20,"column":4},"end":{"line":20,"column":null}}]},"1":{"loc":{"start":{"line":36,"column":6},"end":{"line":38,"column":null}},"type":"if","locations":[{"start":{"line":36,"column":6},"end":{"line":38,"column":null}}]},"2":{"loc":{"start":{"line":62,"column":20},"end":{"line":62,"column":null}},"type":"binary-expr","locations":[{"start":{"line":62,"column":20},"end":{"line":62,"column":36}},{"start":{"line":62,"column":36},"end":{"line":62,"column":null}}]},"3":{"loc":{"start":{"line":65,"column":11},"end":{"line":65,"column":null}},"type":"cond-expr","locations":[{"start":{"line":65,"column":26},"end":{"line":65,"column":41}},{"start":{"line":65,"column":41},"end":{"line":65,"column":null}}]}},"s":{"0":0,"1":0,"2":0,"3":0,"4":0,"5":0,"6":0,"7":0,"8":0,"9":0,"10":0,"11":0,"12":0,"13":0,"14":0,"15":0,"16":0,"17":0,"18":0,"19":0},"f":{"0":0,"1":0,"2":0},"b":{"0":[0],"1":[0],"2":[0,0],"3":[0,0]}}
,"/Users/adriansiekierko/Documents/fireworldCOPY/src/components/Comments/CommentItem.tsx": {"path":"/Users/adriansiekierko/Documents/fireworldCOPY/src/components/Comments/CommentItem.tsx","statementMap":{"0":{"start":{"line":60,"column":0},"end":{"line":60,"column":15}},"1":{"start":{"line":1,"column":18},"end":{"line":1,"column":null}},"2":{"start":{"line":3,"column":36},"end":{"line":3,"column":null}},"3":{"start":{"line":4,"column":26},"end":{"line":4,"column":null}},"4":{"start":{"line":5,"column":44},"end":{"line":5,"column":null}},"5":{"start":{"line":14,"column":48},"end":{"line":58,"column":null}},"6":{"start":{"line":28,"column":12},"end":{"line":28,"column":null}},"7":{"start":{"line":42,"column":27},"end":{"line":42,"column":null}},"8":{"start":{"line":60,"column":15},"end":{"line":60,"column":null}}},"fnMap":{"0":{"name":"(anonymous_2)","decl":{"start":{"line":14,"column":48},"end":{"line":14,"column":49}},"loc":{"start":{"line":19,"column":1},"end":{"line":58,"column":null}}},"1":{"name":"(anonymous_3)","decl":{"start":{"line":27,"column":19},"end":{"line":27,"column":20}},"loc":{"start":{"line":27,"column":20},"end":{"line":29,"column":null}}},"2":{"name":"(anonymous_4)","decl":{"start":{"line":42,"column":21},"end":{"line":42,"column":27}},"loc":{"start":{"line":42,"column":27},"end":{"line":42,"column":null}}}},"branchMap":{"0":{"loc":{"start":{"line":24,"column":15},"end":{"line":24,"column":null}},"type":"binary-expr","locations":[{"start":{"line":24,"column":15},"end":{"line":24,"column":42}},{"start":{"line":24,"column":42},"end":{"line":24,"column":null}}]},"1":{"loc":{"start":{"line":25,"column":15},"end":{"line":25,"column":null}},"type":"binary-expr","locations":[{"start":{"line":25,"column":15},"end":{"line":25,"column":38}},{"start":{"line":25,"column":38},"end":{"line":25,"column":null}}]},"2":{"loc":{"start":{"line":36,"column":13},"end":{"line":36,"column":null}},"type":"cond-expr","locations":[{"start":{"line":36,"column":34},"end":{"line":36,"column":107}},{"start":{"line":36,"column":107},"end":{"line":36,"column":null}}]},"3":{"loc":{"start":{"line":44,"column":14},"end":{"line":44,"column":null}},"type":"cond-expr","locations":[{"start":{"line":44,"column":24},"end":{"line":44,"column":41}},{"start":{"line":44,"column":41},"end":{"line":44,"column":null}}]},"4":{"loc":{"start":{"line":48,"column":14},"end":{"line":50,"column":15}},"type":"cond-expr","locations":[{"start":{"line":48,"column":14},"end":{"line":50,"column":15}}]}},"s":{"0":0,"1":0,"2":0,"3":0,"4":0,"5":0,"6":0,"7":0,"8":0},"f":{"0":0,"1":0,"2":0},"b":{"0":[0,0],"1":[0,0],"2":[0,0],"3":[0,0],"4":[0]}}
,"/Users/adriansiekierko/Documents/fireworldCOPY/src/components/Comments/CommentList.tsx": {"path":"/Users/adriansiekierko/Documents/fireworldCOPY/src/components/Comments/CommentList.tsx","statementMap":{"0":{"start":{"line":31,"column":0},"end":{"line":31,"column":15}},"1":{"start":{"line":1,"column":18},"end":{"line":1,"column":null}},"2":{"start":{"line":3,"column":24},"end":{"line":3,"column":null}},"3":{"start":{"line":11,"column":48},"end":{"line":29,"column":null}},"4":{"start":{"line":19,"column":8},"end":{"line":20,"column":null}},"5":{"start":{"line":31,"column":15},"end":{"line":31,"column":null}}},"fnMap":{"0":{"name":"(anonymous_2)","decl":{"start":{"line":11,"column":48},"end":{"line":11,"column":49}},"loc":{"start":{"line":15,"column":1},"end":{"line":29,"column":null}}},"1":{"name":"(anonymous_3)","decl":{"start":{"line":18,"column":20},"end":{"line":18,"column":21}},"loc":{"start":{"line":19,"column":8},"end":{"line":20,"column":null}}}},"branchMap":{},"s":{"0":0,"1":0,"2":0,"3":0,"4":0,"5":0},"f":{"0":0,"1":0},"b":{}}
}
