TN:
SF:src/app/api/activity/route.ts
FN:6,POST
FN:43,GET
FN:78,DELETE
FNF:3
FNH:1
FNDA:0,POST
FNDA:4,GET
FNDA:0,DELETE
DA:1,1
DA:2,1
DA:3,1
DA:4,1
DA:6,0
DA:7,0
DA:8,0
DA:9,0
DA:10,0
DA:13,0
DA:14,0
DA:16,0
DA:17,0
DA:19,0
DA:21,0
DA:22,0
DA:23,0
DA:29,0
DA:30,0
DA:31,0
DA:33,0
DA:35,0
DA:36,0
DA:43,4
DA:44,4
DA:45,4
DA:46,4
DA:48,4
DA:49,1
DA:52,3
DA:66,3
DA:67,1
DA:68,1
DA:71,2
DA:73,0
DA:74,0
DA:78,0
DA:79,0
DA:80,0
DA:81,0
DA:82,0
DA:85,0
DA:86,0
DA:87,0
DA:88,0
DA:90,0
LF:46
LH:15
BRDA:9,0,0,0
BRDA:21,1,0,0
BRDA:21,2,0,0
BRDA:21,2,1,0
BRDA:37,3,0,0
BRDA:37,3,1,0
BRDA:48,4,0,1
BRDA:66,5,0,1
BRDA:71,6,0,2
BRDA:71,6,1,0
BRDA:81,7,0,0
BRF:11
BRH:3
end_of_record
TN:
SF:src/app/api/auth/route.ts
FN:4,POST
FN:26,PUT
FN:36,GET
FNF:3
FNH:3
FNDA:3,POST
FNDA:2,PUT
FNDA:3,GET
DA:1,1
DA:2,1
DA:4,3
DA:5,3
DA:6,3
DA:8,3
DA:9,1
DA:15,2
DA:16,1
DA:18,1
DA:19,1
DA:26,2
DA:27,2
DA:28,2
DA:29,2
DA:30,1
DA:32,1
DA:36,3
DA:37,3
DA:38,3
DA:39,3
DA:40,1
DA:42,2
DA:43,1
DA:45,1
LF:25
LH:25
BRDA:8,0,0,1
BRDA:8,1,0,3
BRDA:8,1,1,3
BRDA:20,2,0,1
BRDA:20,2,1,0
BRDA:39,3,0,1
BRF:6
BRH:5
end_of_record
TN:
SF:src/app/api/chat/route.ts
FN:8,POST
FNF:1
FNH:1
FNDA:2,POST
DA:1,1
DA:2,1
DA:4,1
DA:8,2
DA:9,2
DA:10,2
DA:12,2
DA:17,1
DA:21,1
DA:22,1
LF:10
LH:10
BRF:0
BRH:0
end_of_record
TN:
SF:src/app/api/messages/route.ts
FN:6,POST
FN:43,GET
FNF:2
FNH:2
FNDA:5,POST
FNDA:5,GET
DA:1,1
DA:2,1
DA:3,1
DA:6,5
DA:7,5
DA:8,5
DA:9,5
DA:10,1
DA:13,4
DA:14,3
DA:16,3
DA:17,1
DA:23,2
DA:24,2
DA:25,1
DA:27,1
DA:28,1
DA:29,1
DA:32,1
DA:33,1
DA:34,1
DA:36,0
DA:43,5
DA:44,5
DA:45,5
DA:46,5
DA:47,1
DA:50,4
DA:51,3
DA:52,3
DA:54,3
DA:55,1
DA:58,2
DA:59,2
DA:60,1
DA:62,1
DA:63,1
DA:64,1
DA:67,1
DA:68,1
DA:69,1
DA:71,0
LF:42
LH:40
BRDA:9,0,0,1
BRDA:16,1,0,1
BRDA:16,2,0,3
BRDA:16,2,1,3
BRDA:28,3,0,1
BRDA:28,3,1,0
BRDA:33,4,0,1
BRDA:33,5,0,1
BRDA:33,5,1,1
BRDA:37,6,0,0
BRDA:37,6,1,0
BRDA:46,7,0,1
BRDA:54,8,0,1
BRDA:63,9,0,1
BRDA:63,9,1,0
BRDA:68,10,0,1
BRDA:68,11,0,1
BRDA:68,11,1,1
BRDA:72,12,0,0
BRDA:72,12,1,0
BRF:20
BRH:14
end_of_record
TN:
SF:src/app/api/posts/route.ts
FN:7,POST
FN:54,GET
FN:92,DELETE
FNF:3
FNH:3
FNDA:5,POST
FNDA:2,GET
FNDA:5,DELETE
DA:1,1
DA:2,1
DA:3,1
DA:4,1
DA:5,1
DA:7,5
DA:8,5
DA:9,5
DA:10,5
DA:11,1
DA:14,4
DA:15,4
DA:16,3
DA:18,3
DA:19,0
DA:22,3
DA:24,3
DA:25,0
DA:28,3
DA:29,3
DA:30,1
DA:33,2
DA:34,1
DA:36,2
DA:37,1
DA:39,1
DA:40,1
DA:46,0
DA:47,0
DA:54,2
DA:55,2
DA:56,2
DA:57,2
DA:58,2
DA:59,2
DA:60,2
DA:62,2
DA:79,2
DA:81,1
DA:82,1
DA:84,1
DA:85,1
DA:92,5
DA:93,5
DA:94,5
DA:95,5
DA:96,1
DA:99,4
DA:100,4
DA:102,4
DA:108,4
DA:109,1
DA:110,1
DA:113,3
DA:114,1
DA:117,2
DA:118,1
DA:120,1
DA:121,1
DA:122,0
DA:124,1
LF:61
LH:56
BRDA:10,0,0,1
BRDA:18,1,0,0
BRDA:24,2,0,0
BRDA:24,3,0,3
BRDA:24,3,1,3
BRDA:29,4,0,1
BRDA:29,5,0,3
BRDA:29,5,1,2
BRDA:36,6,0,1
BRDA:41,7,0,1
BRDA:41,7,1,0
BRDA:42,8,0,1
BRDA:42,8,1,0
BRDA:48,9,0,0
BRDA:48,9,1,0
BRDA:49,10,0,0
BRDA:49,10,1,0
BRDA:58,11,0,2
BRDA:58,11,1,2
BRDA:59,12,0,2
BRDA:59,12,1,2
BRDA:79,13,0,1
BRDA:86,14,0,1
BRDA:86,14,1,0
BRDA:87,15,0,1
BRDA:87,15,1,0
BRDA:95,16,0,1
BRDA:108,17,0,1
BRDA:113,18,0,1
BRDA:121,19,0,0
BRF:30
BRH:19
end_of_record
TN:
SF:src/app/api/users/route.ts
FN:5,GET
FN:22,(anonymous_2)
FNF:2
FNH:2
FNDA:3,GET
FNDA:2,(anonymous_2)
DA:1,1
DA:2,1
DA:3,1
DA:5,3
DA:6,3
DA:7,3
DA:8,3
DA:9,1
DA:12,2
DA:14,2
DA:20,2
DA:22,2
DA:28,1
DA:30,1
DA:31,1
LF:15
LH:15
BRDA:8,0,0,1
BRDA:20,1,0,1
BRF:2
BRH:2
end_of_record
TN:
SF:src/components/ChatAssistant.tsx
FN:11,ChatAssistant
FN:16,(anonymous_2)
FN:25,(anonymous_3)
FN:45,(anonymous_4)
FN:60,(anonymous_5)
FN:93,(anonymous_6)
FNF:6
FNH:6
FNDA:19,ChatAssistant
FNDA:4,(anonymous_2)
FNDA:4,(anonymous_3)
FNDA:2,(anonymous_4)
FNDA:8,(anonymous_5)
FNDA:4,(anonymous_6)
DA:3,1
DA:4,1
DA:11,9
DA:12,19
DA:13,19
DA:14,19
DA:16,19
DA:17,4
DA:18,4
DA:20,4
DA:25,4
DA:26,4
DA:27,4
DA:29,4
DA:30,4
DA:38,3
DA:40,3
DA:45,3
DA:47,0
DA:49,3
DA:61,8
DA:93,4
LF:22
LH:21
BRDA:18,0,0,0
BRDA:64,1,0,6
BRDA:64,1,1,2
BRDA:69,2,0,6
BRDA:69,2,1,2
BRDA:78,3,0,19
BRF:6
BRH:5
end_of_record
TN:
SF:src/components/ClientLayout.tsx
FN:7,ClientLayout
FNF:1
FNH:0
FNDA:0,ClientLayout
DA:3,0
DA:4,0
DA:5,0
DA:7,0
DA:12,0
DA:13,0
LF:6
LH:0
BRDA:18,0,0,0
BRDA:18,0,1,0
BRDA:19,1,0,0
BRDA:19,1,1,0
BRDA:24,2,0,0
BRF:5
BRH:0
end_of_record
TN:
SF:src/components/CreatePost.tsx
FN:10,CreatePost
FN:15,(anonymous_2)
FN:62,(anonymous_3)
FNF:3
FNH:3
FNDA:10,CreatePost
FNDA:1,(anonymous_2)
FNDA:2,(anonymous_3)
DA:3,1
DA:10,6
DA:11,10
DA:12,10
DA:13,10
DA:15,10
DA:16,1
DA:17,1
DA:19,1
DA:20,1
DA:21,1
DA:22,1
DA:23,1
DA:24,0
DA:27,1
DA:28,1
DA:29,1
DA:30,1
DA:32,1
DA:41,1
DA:43,1
DA:44,0
DA:47,1
DA:48,1
DA:50,0
DA:51,0
DA:53,1
DA:62,2
LF:28
LH:24
BRDA:17,0,0,0
BRDA:23,1,0,0
BRDA:43,2,0,0
BRDA:44,3,0,0
BRDA:44,3,1,0
BRDA:51,4,0,0
BRDA:51,4,1,0
BRDA:73,5,0,10
BRDA:81,6,0,10
BRDA:81,6,1,9
BRDA:84,7,0,1
BRDA:84,7,1,9
BRF:12
BRH:5
end_of_record
TN:
SF:src/components/Feed.tsx
FN:13,Feed
FN:23,(anonymous_3)
FN:41,(anonymous_4)
FN:51,(anonymous_5)
FN:56,(anonymous_6)
FN:57,(anonymous_7)
FN:78,(anonymous_8)
FN:92,(anonymous_9)
FN:93,(anonymous_10)
FN:108,(anonymous_11)
FN:109,(anonymous_12)
FN:115,(anonymous_13)
FN:136,(anonymous_14)
FN:137,(anonymous_15)
FN:137,(anonymous_16)
FN:142,(anonymous_17)
FN:147,(anonymous_18)
FN:148,(anonymous_19)
FN:163,(anonymous_20)
FN:170,(anonymous_21)
FN:175,(anonymous_22)
FN:176,(anonymous_23)
FNF:22
FNH:9
FNDA:9,Feed
FNDA:4,(anonymous_3)
FNDA:4,(anonymous_4)
FNDA:4,(anonymous_5)
FNDA:4,(anonymous_6)
FNDA:4,(anonymous_7)
FNDA:0,(anonymous_8)
FNDA:0,(anonymous_9)
FNDA:0,(anonymous_10)
FNDA:3,(anonymous_11)
FNDA:1,(anonymous_12)
FNDA:0,(anonymous_13)
FNDA:0,(anonymous_14)
FNDA:0,(anonymous_15)
FNDA:0,(anonymous_16)
FNDA:0,(anonymous_17)
FNDA:0,(anonymous_18)
FNDA:0,(anonymous_19)
FNDA:1,(anonymous_20)
FNDA:0,(anonymous_21)
FNDA:0,(anonymous_22)
FNDA:0,(anonymous_23)
DA:3,1
DA:5,1
DA:6,1
DA:7,1
DA:8,1
DA:10,1
DA:11,1
DA:13,4
DA:14,9
DA:15,8
DA:16,8
DA:17,8
DA:18,8
DA:19,8
DA:20,8
DA:21,8
DA:23,8
DA:24,4
DA:25,4
DA:26,3
DA:27,0
DA:29,3
DA:30,3
DA:31,0
DA:32,0
DA:34,3
DA:36,1
DA:37,1
DA:41,8
DA:42,4
DA:43,4
DA:44,4
DA:46,0
DA:47,0
DA:51,8
DA:52,4
DA:53,4
DA:56,8
DA:57,4
DA:58,4
DA:59,4
DA:64,4
DA:65,4
DA:66,4
DA:68,0
DA:69,0
DA:71,4
DA:75,4
DA:78,8
DA:79,0
DA:81,0
DA:82,0
DA:83,0
DA:84,0
DA:89,0
DA:91,0
DA:92,0
DA:93,0
DA:94,0
DA:95,0
DA:97,0
DA:100,0
DA:101,0
DA:102,0
DA:104,0
DA:108,8
DA:109,3
DA:115,3
DA:121,3
DA:122,3
DA:124,3
DA:125,1
DA:126,1
DA:128,1
DA:129,0
DA:133,3
DA:136,8
DA:137,0
DA:143,0
DA:144,0
DA:145,0
DA:146,0
DA:147,0
DA:148,0
DA:164,1
DA:171,0
DA:172,0
DA:173,0
DA:174,0
DA:175,0
DA:176,0
LF:91
LH:54
BRDA:26,0,0,0
BRDA:30,1,0,0
BRDA:66,2,0,4
BRDA:66,2,1,3
BRDA:79,3,0,0
BRDA:79,4,0,0
BRDA:79,4,1,0
BRDA:89,5,0,0
BRDA:89,5,1,0
BRDA:91,6,0,0
BRDA:91,6,1,0
BRDA:94,7,0,0
BRDA:94,7,1,0
BRDA:125,8,0,1
BRDA:128,9,0,0
BRDA:142,10,0,8
BRDA:151,11,0,8
BRDA:158,12,0,5
BRDA:168,13,0,1
BRDA:165,14,0,1
BRDA:165,14,1,0
BRDA:186,15,0,3
BRDA:192,16,0,0
BRDA:192,16,1,1
BRDA:197,17,0,0
BRDA:197,17,1,1
BRDA:202,18,0,3
BRDA:202,18,1,2
BRDA:202,18,2,2
BRDA:208,19,0,3
BRDA:208,19,1,3
BRDA:208,19,2,2
BRF:32
BRH:17
end_of_record
TN:
SF:src/components/NewsCard.tsx
FN:10,NewsCard
FN:25,(anonymous_3)
FNF:2
FNH:1
FNDA:3,NewsCard
FNDA:0,(anonymous_3)
DA:3,1
DA:10,3
DA:11,3
DA:12,0
DA:26,0
LF:5
LH:3
BRDA:11,0,0,0
BRDA:18,1,0,2
BRDA:18,1,1,1
BRDA:22,2,0,2
BRDA:22,2,1,0
BRDA:38,3,0,3
BRDA:38,3,1,0
BRF:7
BRH:4
end_of_record
TN:
SF:src/components/PostCard.tsx
FN:14,PostCard
FN:16,(anonymous_2)
FN:25,(anonymous_3)
FN:39,(anonymous_4)
FN:44,(anonymous_5)
FN:86,(anonymous_6)
FN:125,(anonymous_7)
FN:128,(anonymous_8)
FN:137,(anonymous_9)
FN:145,(anonymous_10)
FN:191,(anonymous_11)
FN:250,(anonymous_12)
FN:264,(anonymous_13)
FN:272,(anonymous_14)
FN:292,(anonymous_15)
FN:293,(anonymous_16)
FN:302,(anonymous_17)
FNF:17
FNH:4
FNDA:12,PostCard
FNDA:0,(anonymous_2)
FNDA:6,(anonymous_3)
FNDA:0,(anonymous_4)
FNDA:0,(anonymous_5)
FNDA:2,(anonymous_6)
FNDA:0,(anonymous_7)
FNDA:1,(anonymous_8)
FNDA:0,(anonymous_9)
FNDA:0,(anonymous_10)
FNDA:0,(anonymous_11)
FNDA:0,(anonymous_12)
FNDA:0,(anonymous_13)
FNDA:0,(anonymous_14)
FNDA:0,(anonymous_15)
FNDA:0,(anonymous_16)
FNDA:0,(anonymous_17)
DA:3,1
DA:5,1
DA:6,1
DA:14,6
DA:15,12
DA:16,12
DA:17,12
DA:18,12
DA:19,12
DA:20,12
DA:21,12
DA:22,12
DA:23,12
DA:25,12
DA:26,6
DA:27,6
DA:29,6
DA:30,3
DA:31,3
DA:32,0
DA:34,3
DA:38,6
DA:39,0
DA:41,6
DA:44,12
DA:45,0
DA:46,0
DA:47,0
DA:50,0
DA:52,0
DA:53,0
DA:56,0
DA:57,0
DA:58,0
DA:67,0
DA:68,0
DA:69,0
DA:72,0
DA:73,0
DA:74,0
DA:77,0
DA:79,0
DA:80,0
DA:82,0
DA:86,12
DA:87,2
DA:88,0
DA:89,0
DA:92,2
DA:94,2
DA:95,2
DA:96,2
DA:97,2
DA:101,2
DA:103,2
DA:112,2
DA:113,2
DA:114,2
DA:116,2
DA:117,0
DA:120,2
DA:121,2
DA:123,2
DA:124,0
DA:125,0
DA:127,2
DA:128,2
DA:131,0
DA:133,2
DA:137,12
DA:138,0
DA:139,0
DA:140,0
DA:142,0
DA:145,12
DA:146,0
DA:147,0
DA:149,0
DA:150,0
DA:151,0
DA:164,0
DA:165,0
DA:168,0
DA:169,0
DA:171,0
DA:172,0
DA:174,0
DA:176,0
DA:192,0
DA:250,0
DA:265,0
DA:272,0
DA:292,0
DA:294,0
DA:295,0
DA:303,0
LF:96
LH:44
BRDA:16,0,0,12
BRDA:16,0,1,12
BRDA:29,1,0,3
BRDA:39,2,0,0
BRDA:39,2,1,0
BRDA:45,3,0,0
BRDA:45,4,0,0
BRDA:45,4,1,0
BRDA:50,5,0,0
BRDA:52,6,0,0
BRDA:67,7,0,0
BRDA:72,8,0,0
BRDA:74,9,0,0
BRDA:74,9,1,0
BRDA:80,10,0,0
BRDA:80,10,1,0
BRDA:87,11,0,0
BRDA:92,12,0,0
BRDA:116,13,0,0
BRDA:123,14,0,0
BRDA:123,14,1,2
BRDA:138,15,0,0
BRDA:147,16,0,0
BRDA:147,17,0,0
BRDA:147,17,1,0
BRDA:147,17,2,0
BRDA:164,18,0,0
BRDA:184,19,0,12
BRDA:188,20,0,12
BRDA:188,20,1,0
BRDA:189,21,0,12
BRDA:189,21,1,0
BRDA:215,22,0,0
BRDA:215,22,1,12
BRDA:217,23,0,0
BRDA:217,23,1,12
BRDA:230,24,0,1
BRDA:230,24,1,11
BRDA:233,25,0,2
BRDA:233,25,1,10
BRDA:234,26,0,6
BRDA:234,26,1,6
BRDA:237,27,0,1
BRDA:247,28,0,6
BRDA:247,28,1,6
BRDA:250,29,0,12
BRDA:250,29,1,12
BRDA:254,30,0,12
BRDA:256,31,0,0
BRDA:261,32,0,0
BRDA:261,32,1,0
BRDA:261,33,0,0
BRDA:261,33,1,0
BRDA:280,34,0,0
BRDA:280,34,1,0
BRDA:283,35,0,0
BRDA:283,35,1,0
BRDA:299,36,0,0
BRDA:299,36,1,0
BRDA:300,37,0,0
BRDA:300,37,1,0
BRDA:311,38,0,0
BRDA:311,38,1,0
BRF:63
BRH:21
end_of_record
TN:
SF:src/components/RightSidebar.tsx
FN:8,RightSidebar
FN:13,(anonymous_3)
FN:16,(anonymous_4)
FN:24,(anonymous_5)
FN:27,(anonymous_6)
FN:31,(anonymous_7)
FN:45,(anonymous_8)
FN:47,(anonymous_9)
FN:64,(anonymous_10)
FN:68,(anonymous_11)
FN:72,(anonymous_12)
FN:75,(anonymous_13)
FN:86,(anonymous_14)
FN:108,(anonymous_15)
FN:136,(anonymous_16)
FN:146,(anonymous_17)
FN:147,(anonymous_18)
FNF:17
FNH:7
FNDA:4,RightSidebar
FNDA:2,(anonymous_3)
FNDA:2,(anonymous_4)
FNDA:2,(anonymous_5)
FNDA:2,(anonymous_6)
FNDA:4,(anonymous_7)
FNDA:0,(anonymous_8)
FNDA:0,(anonymous_9)
FNDA:0,(anonymous_10)
FNDA:0,(anonymous_11)
FNDA:0,(anonymous_12)
FNDA:0,(anonymous_13)
FNDA:4,(anonymous_14)
FNDA:0,(anonymous_15)
FNDA:0,(anonymous_16)
FNDA:0,(anonymous_17)
FNDA:0,(anonymous_18)
DA:3,1
DA:4,1
DA:5,1
DA:6,1
DA:8,2
DA:9,4
DA:10,4
DA:11,4
DA:13,4
DA:14,2
DA:16,2
DA:17,2
DA:20,2
DA:22,2
DA:24,2
DA:27,4
DA:28,2
DA:31,4
DA:32,4
DA:34,1
DA:46,0
DA:47,0
DA:65,0
DA:66,0
DA:69,0
DA:70,0
DA:73,0
DA:76,0
DA:86,4
DA:87,4
DA:89,0
DA:108,0
DA:136,0
DA:146,0
DA:147,0
LF:35
LH:22
BRDA:32,0,0,3
BRDA:32,1,0,4
BRDA:32,1,1,2
BRDA:32,1,2,1
BRDA:87,2,0,4
BRDA:87,3,0,4
BRDA:87,3,1,2
BRDA:87,3,2,1
BRDA:105,4,0,0
BRDA:105,4,1,0
BRDA:123,5,0,0
BRDA:123,5,1,0
BRF:12
BRH:8
end_of_record
TN:
SF:src/components/Sidebar.tsx
FN:16,Sidebar
FN:22,(anonymous_3)
FN:29,(anonymous_4)
FN:51,(anonymous_5)
FN:55,(anonymous_6)
FN:154,(anonymous_9)
FNF:6
FNH:0
FNDA:0,Sidebar
FNDA:0,(anonymous_3)
FNDA:0,(anonymous_4)
FNDA:0,(anonymous_5)
FNDA:0,(anonymous_6)
FNDA:0,(anonymous_9)
DA:3,0
DA:4,0
DA:5,0
DA:6,0
DA:14,0
DA:16,0
DA:17,0
DA:18,0
DA:19,0
DA:20,0
DA:22,0
DA:23,0
DA:24,0
DA:25,0
DA:26,0
DA:29,0
DA:30,0
DA:31,0
DA:36,0
DA:37,0
DA:38,0
DA:40,0
DA:41,0
DA:44,0
DA:48,0
DA:51,0
DA:52,0
DA:55,0
DA:56,0
DA:57,0
DA:154,0
LF:31
LH:0
BRDA:24,0,0,0
BRDA:36,1,0,0
BRDA:36,1,1,0
BRDA:66,2,0,0
BRDA:66,2,1,0
BRDA:77,3,0,0
BRDA:77,3,1,0
BRDA:88,4,0,0
BRDA:88,4,1,0
BRDA:100,5,0,0
BRDA:107,6,0,0
BRDA:109,7,0,0
BRDA:109,7,1,0
BRDA:158,8,0,0
BRDA:165,9,0,0
BRF:15
BRH:0
end_of_record
TN:
SF:src/components/Comments/AddComment.tsx
FN:9,(anonymous_4)
FN:17,(anonymous_5)
FN:54,(anonymous_6)
FNF:3
FNH:0
FNDA:0,(anonymous_4)
FNDA:0,(anonymous_5)
FNDA:0,(anonymous_6)
DA:1,0
DA:9,0
DA:14,0
DA:15,0
DA:17,0
DA:18,0
DA:20,0
DA:22,0
DA:23,0
DA:24,0
DA:36,0
DA:37,0
DA:40,0
DA:41,0
DA:43,0
DA:45,0
DA:54,0
DA:72,0
LF:18
LH:0
BRDA:20,0,0,0
BRDA:36,1,0,0
BRDA:62,2,0,0
BRDA:62,2,1,0
BRDA:65,3,0,0
BRDA:65,3,1,0
BRF:6
BRH:0
end_of_record
TN:
SF:src/components/Comments/CommentItem.tsx
FN:14,(anonymous_2)
FN:27,(anonymous_3)
FN:42,(anonymous_4)
FNF:3
FNH:0
FNDA:0,(anonymous_2)
FNDA:0,(anonymous_3)
FNDA:0,(anonymous_4)
DA:1,0
DA:3,0
DA:4,0
DA:5,0
DA:14,0
DA:28,0
DA:42,0
DA:60,0
LF:8
LH:0
BRDA:24,0,0,0
BRDA:24,0,1,0
BRDA:25,1,0,0
BRDA:25,1,1,0
BRDA:36,2,0,0
BRDA:36,2,1,0
BRDA:44,3,0,0
BRDA:44,3,1,0
BRDA:48,4,0,0
BRF:9
BRH:0
end_of_record
TN:
SF:src/components/Comments/CommentList.tsx
FN:11,(anonymous_2)
FN:18,(anonymous_3)
FNF:2
FNH:0
FNDA:0,(anonymous_2)
FNDA:0,(anonymous_3)
DA:1,0
DA:3,0
DA:11,0
DA:19,0
DA:31,0
LF:5
LH:0
BRF:0
BRH:0
end_of_record
